ERROR - 2022-12-23 07:12:28 --> Table 'db_skripsi.pinjaman' doesn't exist
CRITICAL - 2022-12-23 07:12:28 --> Table 'db_skripsi.pinjaman' doesn't exist
#0 C:\xampp\htdocs\perpus_kabayan\vendor\codeigniter4\framework\system\Database\MySQLi\Connection.php(292): mysqli->query('SELECT *\nFROM `...', 0)
#1 C:\xampp\htdocs\perpus_kabayan\vendor\codeigniter4\framework\system\Database\BaseConnection.php(670): CodeIgniter\Database\MySQLi\Connection->execute('SELECT *\nFROM `...')
#2 C:\xampp\htdocs\perpus_kabayan\vendor\codeigniter4\framework\system\Database\BaseConnection.php(598): CodeIgniter\Database\BaseConnection->simpleQuery('SELECT *\nFROM `...')
#3 C:\xampp\htdocs\perpus_kabayan\vendor\codeigniter4\framework\system\Database\BaseBuilder.php(1443): CodeIgniter\Database\BaseConnection->query('SELECT *\nFROM `...', Array, false)
#4 C:\xampp\htdocs\perpus_kabayan\vendor\codeigniter4\framework\system\Model.php(183): CodeIgniter\Database\BaseBuilder->get()
#5 C:\xampp\htdocs\perpus_kabayan\vendor\codeigniter4\framework\system\BaseModel.php(584): CodeIgniter\Model->doFindAll(0, 0)
#6 C:\xampp\htdocs\perpus_kabayan\app\Controllers\Pinjaman.php(22): CodeIgniter\BaseModel->findAll()
#7 C:\xampp\htdocs\perpus_kabayan\vendor\codeigniter4\framework\system\CodeIgniter.php(824): App\Controllers\Pinjaman->index()
#8 C:\xampp\htdocs\perpus_kabayan\vendor\codeigniter4\framework\system\CodeIgniter.php(410): CodeIgniter\CodeIgniter->runController(Object(App\Controllers\Pinjaman))
#9 C:\xampp\htdocs\perpus_kabayan\vendor\codeigniter4\framework\system\CodeIgniter.php(318): CodeIgniter\CodeIgniter->handleRequest(NULL, Object(Config\Cache), false)
#10 C:\xampp\htdocs\perpus_kabayan\public\index.php(37): CodeIgniter\CodeIgniter->run()
#11 C:\xampp\htdocs\perpus_kabayan\vendor\codeigniter4\framework\system\Commands\Server\rewrite.php(43): require_once('C:\\xampp\\htdocs...')
#12 {main}
ERROR - 2022-12-23 07:13:09 --> Table 'db_skripsi.pinjaman' doesn't exist
CRITICAL - 2022-12-23 07:13:09 --> Table 'db_skripsi.pinjaman' doesn't exist
#0 C:\xampp\htdocs\perpus_kabayan\vendor\codeigniter4\framework\system\Database\MySQLi\Connection.php(292): mysqli->query('SELECT *\nFROM `...', 0)
#1 C:\xampp\htdocs\perpus_kabayan\vendor\codeigniter4\framework\system\Database\BaseConnection.php(670): CodeIgniter\Database\MySQLi\Connection->execute('SELECT *\nFROM `...')
#2 C:\xampp\htdocs\perpus_kabayan\vendor\codeigniter4\framework\system\Database\BaseConnection.php(598): CodeIgniter\Database\BaseConnection->simpleQuery('SELECT *\nFROM `...')
#3 C:\xampp\htdocs\perpus_kabayan\vendor\codeigniter4\framework\system\Database\BaseBuilder.php(1443): CodeIgniter\Database\BaseConnection->query('SELECT *\nFROM `...', Array, false)
#4 C:\xampp\htdocs\perpus_kabayan\vendor\codeigniter4\framework\system\Model.php(183): CodeIgniter\Database\BaseBuilder->get()
#5 C:\xampp\htdocs\perpus_kabayan\vendor\codeigniter4\framework\system\BaseModel.php(584): CodeIgniter\Model->doFindAll(0, 0)
#6 C:\xampp\htdocs\perpus_kabayan\app\Controllers\Pinjaman.php(22): CodeIgniter\BaseModel->findAll()
#7 C:\xampp\htdocs\perpus_kabayan\vendor\codeigniter4\framework\system\CodeIgniter.php(824): App\Controllers\Pinjaman->index()
#8 C:\xampp\htdocs\perpus_kabayan\vendor\codeigniter4\framework\system\CodeIgniter.php(410): CodeIgniter\CodeIgniter->runController(Object(App\Controllers\Pinjaman))
#9 C:\xampp\htdocs\perpus_kabayan\vendor\codeigniter4\framework\system\CodeIgniter.php(318): CodeIgniter\CodeIgniter->handleRequest(NULL, Object(Config\Cache), false)
#10 C:\xampp\htdocs\perpus_kabayan\public\index.php(37): CodeIgniter\CodeIgniter->run()
#11 C:\xampp\htdocs\perpus_kabayan\vendor\codeigniter4\framework\system\Commands\Server\rewrite.php(43): require_once('C:\\xampp\\htdocs...')
#12 {main}
ERROR - 2022-12-23 07:13:16 --> Table 'db_skripsi.buku' doesn't exist
CRITICAL - 2022-12-23 07:13:16 --> Table 'db_skripsi.buku' doesn't exist
#0 C:\xampp\htdocs\perpus_kabayan\vendor\codeigniter4\framework\system\Database\MySQLi\Connection.php(292): mysqli->query('SELECT *\nFROM `...', 0)
#1 C:\xampp\htdocs\perpus_kabayan\vendor\codeigniter4\framework\system\Database\BaseConnection.php(670): CodeIgniter\Database\MySQLi\Connection->execute('SELECT *\nFROM `...')
#2 C:\xampp\htdocs\perpus_kabayan\vendor\codeigniter4\framework\system\Database\BaseConnection.php(598): CodeIgniter\Database\BaseConnection->simpleQuery('SELECT *\nFROM `...')
#3 C:\xampp\htdocs\perpus_kabayan\vendor\codeigniter4\framework\system\Database\BaseBuilder.php(1443): CodeIgniter\Database\BaseConnection->query('SELECT *\nFROM `...', Array, false)
#4 C:\xampp\htdocs\perpus_kabayan\vendor\codeigniter4\framework\system\Model.php(183): CodeIgniter\Database\BaseBuilder->get()
#5 C:\xampp\htdocs\perpus_kabayan\vendor\codeigniter4\framework\system\BaseModel.php(584): CodeIgniter\Model->doFindAll(0, 0)
#6 C:\xampp\htdocs\perpus_kabayan\app\Controllers\Dashboard.php(19): CodeIgniter\BaseModel->findAll()
#7 C:\xampp\htdocs\perpus_kabayan\vendor\codeigniter4\framework\system\CodeIgniter.php(824): App\Controllers\Dashboard->index()
#8 C:\xampp\htdocs\perpus_kabayan\vendor\codeigniter4\framework\system\CodeIgniter.php(410): CodeIgniter\CodeIgniter->runController(Object(App\Controllers\Dashboard))
#9 C:\xampp\htdocs\perpus_kabayan\vendor\codeigniter4\framework\system\CodeIgniter.php(318): CodeIgniter\CodeIgniter->handleRequest(NULL, Object(Config\Cache), false)
#10 C:\xampp\htdocs\perpus_kabayan\public\index.php(37): CodeIgniter\CodeIgniter->run()
#11 C:\xampp\htdocs\perpus_kabayan\vendor\codeigniter4\framework\system\Commands\Server\rewrite.php(43): require_once('C:\\xampp\\htdocs...')
#12 {main}
ERROR - 2022-12-23 07:13:22 --> Table 'db_skripsi.buku' doesn't exist
CRITICAL - 2022-12-23 07:13:22 --> Table 'db_skripsi.buku' doesn't exist
#0 C:\xampp\htdocs\perpus_kabayan\vendor\codeigniter4\framework\system\Database\MySQLi\Connection.php(292): mysqli->query('SELECT *\nFROM `...', 0)
#1 C:\xampp\htdocs\perpus_kabayan\vendor\codeigniter4\framework\system\Database\BaseConnection.php(670): CodeIgniter\Database\MySQLi\Connection->execute('SELECT *\nFROM `...')
#2 C:\xampp\htdocs\perpus_kabayan\vendor\codeigniter4\framework\system\Database\BaseConnection.php(598): CodeIgniter\Database\BaseConnection->simpleQuery('SELECT *\nFROM `...')
#3 C:\xampp\htdocs\perpus_kabayan\vendor\codeigniter4\framework\system\Database\BaseBuilder.php(1443): CodeIgniter\Database\BaseConnection->query('SELECT *\nFROM `...', Array, false)
#4 C:\xampp\htdocs\perpus_kabayan\vendor\codeigniter4\framework\system\Model.php(183): CodeIgniter\Database\BaseBuilder->get()
#5 C:\xampp\htdocs\perpus_kabayan\vendor\codeigniter4\framework\system\BaseModel.php(584): CodeIgniter\Model->doFindAll(0, 0)
#6 C:\xampp\htdocs\perpus_kabayan\app\Controllers\Dashboard.php(19): CodeIgniter\BaseModel->findAll()
#7 C:\xampp\htdocs\perpus_kabayan\vendor\codeigniter4\framework\system\CodeIgniter.php(824): App\Controllers\Dashboard->index()
#8 C:\xampp\htdocs\perpus_kabayan\vendor\codeigniter4\framework\system\CodeIgniter.php(410): CodeIgniter\CodeIgniter->runController(Object(App\Controllers\Dashboard))
#9 C:\xampp\htdocs\perpus_kabayan\vendor\codeigniter4\framework\system\CodeIgniter.php(318): CodeIgniter\CodeIgniter->handleRequest(NULL, Object(Config\Cache), false)
#10 C:\xampp\htdocs\perpus_kabayan\public\index.php(37): CodeIgniter\CodeIgniter->run()
#11 C:\xampp\htdocs\perpus_kabayan\vendor\codeigniter4\framework\system\Commands\Server\rewrite.php(43): require_once('C:\\xampp\\htdocs...')
#12 {main}
ERROR - 2022-12-23 07:13:28 --> Table 'db_skripsi.buku' doesn't exist
CRITICAL - 2022-12-23 07:13:28 --> Table 'db_skripsi.buku' doesn't exist
#0 C:\xampp\htdocs\perpus_kabayan\vendor\codeigniter4\framework\system\Database\MySQLi\Connection.php(292): mysqli->query('SELECT *\nFROM `...', 0)
#1 C:\xampp\htdocs\perpus_kabayan\vendor\codeigniter4\framework\system\Database\BaseConnection.php(670): CodeIgniter\Database\MySQLi\Connection->execute('SELECT *\nFROM `...')
#2 C:\xampp\htdocs\perpus_kabayan\vendor\codeigniter4\framework\system\Database\BaseConnection.php(598): CodeIgniter\Database\BaseConnection->simpleQuery('SELECT *\nFROM `...')
#3 C:\xampp\htdocs\perpus_kabayan\vendor\codeigniter4\framework\system\Database\BaseBuilder.php(1443): CodeIgniter\Database\BaseConnection->query('SELECT *\nFROM `...', Array, false)
#4 C:\xampp\htdocs\perpus_kabayan\vendor\codeigniter4\framework\system\Model.php(183): CodeIgniter\Database\BaseBuilder->get()
#5 C:\xampp\htdocs\perpus_kabayan\vendor\codeigniter4\framework\system\BaseModel.php(584): CodeIgniter\Model->doFindAll(0, 0)
#6 C:\xampp\htdocs\perpus_kabayan\app\Controllers\Dashboard.php(19): CodeIgniter\BaseModel->findAll()
#7 C:\xampp\htdocs\perpus_kabayan\vendor\codeigniter4\framework\system\CodeIgniter.php(824): App\Controllers\Dashboard->index()
#8 C:\xampp\htdocs\perpus_kabayan\vendor\codeigniter4\framework\system\CodeIgniter.php(410): CodeIgniter\CodeIgniter->runController(Object(App\Controllers\Dashboard))
#9 C:\xampp\htdocs\perpus_kabayan\vendor\codeigniter4\framework\system\CodeIgniter.php(318): CodeIgniter\CodeIgniter->handleRequest(NULL, Object(Config\Cache), false)
#10 C:\xampp\htdocs\perpus_kabayan\public\index.php(37): CodeIgniter\CodeIgniter->run()
#11 C:\xampp\htdocs\perpus_kabayan\vendor\codeigniter4\framework\system\Commands\Server\rewrite.php(43): require_once('C:\\xampp\\htdocs...')
#12 {main}
CRITICAL - 2022-12-23 07:14:13 --> Undefined variable: dataPinjamanBerjalan
#0 C:\xampp\htdocs\perpus_kabayan\app\Views\dashboard\index.php(11): CodeIgniter\Debug\Exceptions->errorHandler(8, 'Undefined varia...', 'C:\\xampp\\htdocs...', 11, Array)
#1 C:\xampp\htdocs\perpus_kabayan\vendor\codeigniter4\framework\system\View\View.php(214): include('C:\\xampp\\htdocs...')
#2 C:\xampp\htdocs\perpus_kabayan\vendor\codeigniter4\framework\system\View\View.php(217): CodeIgniter\View\View->CodeIgniter\View\{closure}()
#3 C:\xampp\htdocs\perpus_kabayan\vendor\codeigniter4\framework\system\Common.php(1097): CodeIgniter\View\View->render('/Dashboard/inde...', Array, true)
#4 C:\xampp\htdocs\perpus_kabayan\app\Controllers\Dashboard.php(24): view('/Dashboard/inde...')
#5 C:\xampp\htdocs\perpus_kabayan\vendor\codeigniter4\framework\system\CodeIgniter.php(824): App\Controllers\Dashboard->index()
#6 C:\xampp\htdocs\perpus_kabayan\vendor\codeigniter4\framework\system\CodeIgniter.php(410): CodeIgniter\CodeIgniter->runController(Object(App\Controllers\Dashboard))
#7 C:\xampp\htdocs\perpus_kabayan\vendor\codeigniter4\framework\system\CodeIgniter.php(318): CodeIgniter\CodeIgniter->handleRequest(NULL, Object(Config\Cache), false)
#8 C:\xampp\htdocs\perpus_kabayan\public\index.php(37): CodeIgniter\CodeIgniter->run()
#9 C:\xampp\htdocs\perpus_kabayan\vendor\codeigniter4\framework\system\Commands\Server\rewrite.php(43): require_once('C:\\xampp\\htdocs...')
#10 {main}
CRITICAL - 2022-12-23 07:14:15 --> Undefined variable: dataPinjamanBerjalan
#0 C:\xampp\htdocs\perpus_kabayan\app\Views\dashboard\index.php(11): CodeIgniter\Debug\Exceptions->errorHandler(8, 'Undefined varia...', 'C:\\xampp\\htdocs...', 11, Array)
#1 C:\xampp\htdocs\perpus_kabayan\vendor\codeigniter4\framework\system\View\View.php(214): include('C:\\xampp\\htdocs...')
#2 C:\xampp\htdocs\perpus_kabayan\vendor\codeigniter4\framework\system\View\View.php(217): CodeIgniter\View\View->CodeIgniter\View\{closure}()
#3 C:\xampp\htdocs\perpus_kabayan\vendor\codeigniter4\framework\system\Common.php(1097): CodeIgniter\View\View->render('/Dashboard/inde...', Array, true)
#4 C:\xampp\htdocs\perpus_kabayan\app\Controllers\Dashboard.php(24): view('/Dashboard/inde...')
#5 C:\xampp\htdocs\perpus_kabayan\vendor\codeigniter4\framework\system\CodeIgniter.php(824): App\Controllers\Dashboard->index()
#6 C:\xampp\htdocs\perpus_kabayan\vendor\codeigniter4\framework\system\CodeIgniter.php(410): CodeIgniter\CodeIgniter->runController(Object(App\Controllers\Dashboard))
#7 C:\xampp\htdocs\perpus_kabayan\vendor\codeigniter4\framework\system\CodeIgniter.php(318): CodeIgniter\CodeIgniter->handleRequest(NULL, Object(Config\Cache), false)
#8 C:\xampp\htdocs\perpus_kabayan\public\index.php(37): CodeIgniter\CodeIgniter->run()
#9 C:\xampp\htdocs\perpus_kabayan\vendor\codeigniter4\framework\system\Commands\Server\rewrite.php(43): require_once('C:\\xampp\\htdocs...')
#10 {main}
CRITICAL - 2022-12-23 07:14:16 --> Undefined variable: dataPinjamanBerjalan
#0 C:\xampp\htdocs\perpus_kabayan\app\Views\dashboard\index.php(11): CodeIgniter\Debug\Exceptions->errorHandler(8, 'Undefined varia...', 'C:\\xampp\\htdocs...', 11, Array)
#1 C:\xampp\htdocs\perpus_kabayan\vendor\codeigniter4\framework\system\View\View.php(214): include('C:\\xampp\\htdocs...')
#2 C:\xampp\htdocs\perpus_kabayan\vendor\codeigniter4\framework\system\View\View.php(217): CodeIgniter\View\View->CodeIgniter\View\{closure}()
#3 C:\xampp\htdocs\perpus_kabayan\vendor\codeigniter4\framework\system\Common.php(1097): CodeIgniter\View\View->render('/Dashboard/inde...', Array, true)
#4 C:\xampp\htdocs\perpus_kabayan\app\Controllers\Dashboard.php(24): view('/Dashboard/inde...')
#5 C:\xampp\htdocs\perpus_kabayan\vendor\codeigniter4\framework\system\CodeIgniter.php(824): App\Controllers\Dashboard->index()
#6 C:\xampp\htdocs\perpus_kabayan\vendor\codeigniter4\framework\system\CodeIgniter.php(410): CodeIgniter\CodeIgniter->runController(Object(App\Controllers\Dashboard))
#7 C:\xampp\htdocs\perpus_kabayan\vendor\codeigniter4\framework\system\CodeIgniter.php(318): CodeIgniter\CodeIgniter->handleRequest(NULL, Object(Config\Cache), false)
#8 C:\xampp\htdocs\perpus_kabayan\public\index.php(37): CodeIgniter\CodeIgniter->run()
#9 C:\xampp\htdocs\perpus_kabayan\vendor\codeigniter4\framework\system\Commands\Server\rewrite.php(43): require_once('C:\\xampp\\htdocs...')
#10 {main}
ERROR - 2022-12-23 07:15:44 --> Table 'db_skripsi.pinjaman' doesn't exist
CRITICAL - 2022-12-23 07:15:44 --> Table 'db_skripsi.pinjaman' doesn't exist
#0 C:\xampp\htdocs\perpus_kabayan\vendor\codeigniter4\framework\system\Database\MySQLi\Connection.php(292): mysqli->query('SELECT *\nFROM `...', 0)
#1 C:\xampp\htdocs\perpus_kabayan\vendor\codeigniter4\framework\system\Database\BaseConnection.php(670): CodeIgniter\Database\MySQLi\Connection->execute('SELECT *\nFROM `...')
#2 C:\xampp\htdocs\perpus_kabayan\vendor\codeigniter4\framework\system\Database\BaseConnection.php(598): CodeIgniter\Database\BaseConnection->simpleQuery('SELECT *\nFROM `...')
#3 C:\xampp\htdocs\perpus_kabayan\vendor\codeigniter4\framework\system\Database\BaseBuilder.php(1443): CodeIgniter\Database\BaseConnection->query('SELECT *\nFROM `...', Array, false)
#4 C:\xampp\htdocs\perpus_kabayan\vendor\codeigniter4\framework\system\Model.php(183): CodeIgniter\Database\BaseBuilder->get()
#5 C:\xampp\htdocs\perpus_kabayan\vendor\codeigniter4\framework\system\BaseModel.php(584): CodeIgniter\Model->doFindAll(0, 0)
#6 C:\xampp\htdocs\perpus_kabayan\app\Controllers\Pinjaman.php(22): CodeIgniter\BaseModel->findAll()
#7 C:\xampp\htdocs\perpus_kabayan\vendor\codeigniter4\framework\system\CodeIgniter.php(824): App\Controllers\Pinjaman->index()
#8 C:\xampp\htdocs\perpus_kabayan\vendor\codeigniter4\framework\system\CodeIgniter.php(410): CodeIgniter\CodeIgniter->runController(Object(App\Controllers\Pinjaman))
#9 C:\xampp\htdocs\perpus_kabayan\vendor\codeigniter4\framework\system\CodeIgniter.php(318): CodeIgniter\CodeIgniter->handleRequest(NULL, Object(Config\Cache), false)
#10 C:\xampp\htdocs\perpus_kabayan\public\index.php(37): CodeIgniter\CodeIgniter->run()
#11 C:\xampp\htdocs\perpus_kabayan\vendor\codeigniter4\framework\system\Commands\Server\rewrite.php(43): require_once('C:\\xampp\\htdocs...')
#12 {main}
CRITICAL - 2022-12-23 07:27:25 --> Invalid file: /Dashboard/index.php
#0 C:\xampp\htdocs\perpus_kabayan\vendor\codeigniter4\framework\system\View\View.php(198): CodeIgniter\Exceptions\FrameworkException::forInvalidFile('/Dashboard/inde...')
#1 C:\xampp\htdocs\perpus_kabayan\vendor\codeigniter4\framework\system\Common.php(1097): CodeIgniter\View\View->render('/Dashboard/inde...', Array, true)
#2 C:\xampp\htdocs\perpus_kabayan\app\Controllers\Dashboard.php(24): view('/Dashboard/inde...')
#3 C:\xampp\htdocs\perpus_kabayan\vendor\codeigniter4\framework\system\CodeIgniter.php(824): App\Controllers\Dashboard->index()
#4 C:\xampp\htdocs\perpus_kabayan\vendor\codeigniter4\framework\system\CodeIgniter.php(410): CodeIgniter\CodeIgniter->runController(Object(App\Controllers\Dashboard))
#5 C:\xampp\htdocs\perpus_kabayan\vendor\codeigniter4\framework\system\CodeIgniter.php(318): CodeIgniter\CodeIgniter->handleRequest(NULL, Object(Config\Cache), false)
#6 C:\xampp\htdocs\perpus_kabayan\public\index.php(37): CodeIgniter\CodeIgniter->run()
#7 C:\xampp\htdocs\perpus_kabayan\vendor\codeigniter4\framework\system\Commands\Server\rewrite.php(43): require_once('C:\\xampp\\htdocs...')
#8 {main}
