ERROR - 2022-01-13 23:54:53 --> Unknown column 'quantitas' in 'field list'
CRITICAL - 2022-01-13 23:54:53 --> Unknown column 'quantitas' in 'field list'
#0 C:\xampp7\htdocs\warehouse_manggala\vendor\codeigniter4\framework\system\Database\MySQLi\Connection.php(292): mysqli->query('INSERT INTO `bp...', 0)
#1 C:\xampp7\htdocs\warehouse_manggala\vendor\codeigniter4\framework\system\Database\BaseConnection.php(670): CodeIgniter\Database\MySQLi\Connection->execute('INSERT INTO `bp...')
#2 C:\xampp7\htdocs\warehouse_manggala\vendor\codeigniter4\framework\system\Database\BaseConnection.php(598): CodeIgniter\Database\BaseConnection->simpleQuery('INSERT INTO `bp...')
#3 C:\xampp7\htdocs\warehouse_manggala\vendor\codeigniter4\framework\system\Database\BaseBuilder.php(1759): CodeIgniter\Database\BaseConnection->query('INSERT INTO `bp...', Array, false)
#4 C:\xampp7\htdocs\warehouse_manggala\vendor\codeigniter4\framework\system\Model.php(239): CodeIgniter\Database\BaseBuilder->insert()
#5 C:\xampp7\htdocs\warehouse_manggala\vendor\codeigniter4\framework\system\BaseModel.php(738): CodeIgniter\Model->doInsert(Array)
#6 C:\xampp7\htdocs\warehouse_manggala\vendor\codeigniter4\framework\system\Model.php(620): CodeIgniter\BaseModel->insert(Array, false)
#7 C:\xampp7\htdocs\warehouse_manggala\vendor\codeigniter4\framework\system\BaseModel.php(658): CodeIgniter\Model->insert(Array, false)
#8 C:\xampp7\htdocs\warehouse_manggala\app\Controllers\BPB.php(113): CodeIgniter\BaseModel->save(Array)
#9 C:\xampp7\htdocs\warehouse_manggala\vendor\codeigniter4\framework\system\CodeIgniter.php(824): App\Controllers\BPB->save()
#10 C:\xampp7\htdocs\warehouse_manggala\vendor\codeigniter4\framework\system\CodeIgniter.php(410): CodeIgniter\CodeIgniter->runController(Object(App\Controllers\BPB))
#11 C:\xampp7\htdocs\warehouse_manggala\vendor\codeigniter4\framework\system\CodeIgniter.php(318): CodeIgniter\CodeIgniter->handleRequest(NULL, Object(Config\Cache), false)
#12 C:\xampp7\htdocs\warehouse_manggala\public\index.php(37): CodeIgniter\CodeIgniter->run()
#13 C:\xampp7\htdocs\warehouse_manggala\vendor\codeigniter4\framework\system\Commands\Server\rewrite.php(43): require_once('C:\\xampp7\\htdoc...')
#14 {main}
ERROR - 2022-01-13 23:56:26 --> Unknown column 'berat' in 'field list'
CRITICAL - 2022-01-13 23:56:26 --> Unknown column 'berat' in 'field list'
#0 C:\xampp7\htdocs\warehouse_manggala\vendor\codeigniter4\framework\system\Database\MySQLi\Connection.php(292): mysqli->query('INSERT INTO `bp...', 0)
#1 C:\xampp7\htdocs\warehouse_manggala\vendor\codeigniter4\framework\system\Database\BaseConnection.php(670): CodeIgniter\Database\MySQLi\Connection->execute('INSERT INTO `bp...')
#2 C:\xampp7\htdocs\warehouse_manggala\vendor\codeigniter4\framework\system\Database\BaseConnection.php(598): CodeIgniter\Database\BaseConnection->simpleQuery('INSERT INTO `bp...')
#3 C:\xampp7\htdocs\warehouse_manggala\vendor\codeigniter4\framework\system\Database\BaseBuilder.php(1759): CodeIgniter\Database\BaseConnection->query('INSERT INTO `bp...', Array, false)
#4 C:\xampp7\htdocs\warehouse_manggala\vendor\codeigniter4\framework\system\Model.php(239): CodeIgniter\Database\BaseBuilder->insert()
#5 C:\xampp7\htdocs\warehouse_manggala\vendor\codeigniter4\framework\system\BaseModel.php(738): CodeIgniter\Model->doInsert(Array)
#6 C:\xampp7\htdocs\warehouse_manggala\vendor\codeigniter4\framework\system\Model.php(620): CodeIgniter\BaseModel->insert(Array, false)
#7 C:\xampp7\htdocs\warehouse_manggala\vendor\codeigniter4\framework\system\BaseModel.php(658): CodeIgniter\Model->insert(Array, false)
#8 C:\xampp7\htdocs\warehouse_manggala\app\Controllers\BPB.php(113): CodeIgniter\BaseModel->save(Array)
#9 C:\xampp7\htdocs\warehouse_manggala\vendor\codeigniter4\framework\system\CodeIgniter.php(824): App\Controllers\BPB->save()
#10 C:\xampp7\htdocs\warehouse_manggala\vendor\codeigniter4\framework\system\CodeIgniter.php(410): CodeIgniter\CodeIgniter->runController(Object(App\Controllers\BPB))
#11 C:\xampp7\htdocs\warehouse_manggala\vendor\codeigniter4\framework\system\CodeIgniter.php(318): CodeIgniter\CodeIgniter->handleRequest(NULL, Object(Config\Cache), false)
#12 C:\xampp7\htdocs\warehouse_manggala\public\index.php(37): CodeIgniter\CodeIgniter->run()
#13 C:\xampp7\htdocs\warehouse_manggala\vendor\codeigniter4\framework\system\Commands\Server\rewrite.php(43): require_once('C:\\xampp7\\htdoc...')
#14 {main}
