CRITICAL - 2022-09-29 00:00:12 --> Too few arguments to function App\Controllers\PinjamanDetail::index(), 0 passed in C:\xampp7\htdocs\perpus_kabayan\vendor\codeigniter4\framework\system\CodeIgniter.php on line 824 and exactly 1 expected
#0 C:\xampp7\htdocs\perpus_kabayan\vendor\codeigniter4\framework\system\CodeIgniter.php(824): App\Controllers\PinjamanDetail->index()
#1 C:\xampp7\htdocs\perpus_kabayan\vendor\codeigniter4\framework\system\CodeIgniter.php(410): CodeIgniter\CodeIgniter->runController(Object(App\Controllers\PinjamanDetail))
#2 C:\xampp7\htdocs\perpus_kabayan\vendor\codeigniter4\framework\system\CodeIgniter.php(318): CodeIgniter\CodeIgniter->handleRequest(NULL, Object(Config\Cache), false)
#3 C:\xampp7\htdocs\perpus_kabayan\public\index.php(37): CodeIgniter\CodeIgniter->run()
#4 C:\xampp7\htdocs\perpus_kabayan\vendor\codeigniter4\framework\system\Commands\Server\rewrite.php(43): require_once('C:\\xampp7\\htdoc...')
#5 {main}
CRITICAL - 2022-09-29 00:04:36 --> Deletes are not allowed unless they contain a "where" or "like" clause.
#0 C:\xampp7\htdocs\perpus_kabayan\vendor\codeigniter4\framework\system\Model.php(359): CodeIgniter\Database\BaseBuilder->delete()
#1 C:\xampp7\htdocs\perpus_kabayan\vendor\codeigniter4\framework\system\BaseModel.php(963): CodeIgniter\Model->doDelete(NULL, false)
#2 C:\xampp7\htdocs\perpus_kabayan\app\Controllers\PinjamanDetail.php(105): CodeIgniter\BaseModel->delete(NULL)
#3 C:\xampp7\htdocs\perpus_kabayan\vendor\codeigniter4\framework\system\CodeIgniter.php(824): App\Controllers\PinjamanDetail->delete()
#4 C:\xampp7\htdocs\perpus_kabayan\vendor\codeigniter4\framework\system\CodeIgniter.php(410): CodeIgniter\CodeIgniter->runController(Object(App\Controllers\PinjamanDetail))
#5 C:\xampp7\htdocs\perpus_kabayan\vendor\codeigniter4\framework\system\CodeIgniter.php(318): CodeIgniter\CodeIgniter->handleRequest(NULL, Object(Config\Cache), false)
#6 C:\xampp7\htdocs\perpus_kabayan\public\index.php(37): CodeIgniter\CodeIgniter->run()
#7 C:\xampp7\htdocs\perpus_kabayan\vendor\codeigniter4\framework\system\Commands\Server\rewrite.php(43): require_once('C:\\xampp7\\htdoc...')
#8 {main}
CRITICAL - 2022-09-29 00:06:36 --> A non-numeric value encountered
#0 C:\xampp7\htdocs\perpus_kabayan\app\Controllers\PinjamanDetail.php(62): CodeIgniter\Debug\Exceptions->errorHandler(2, 'A non-numeric v...', 'C:\\xampp7\\htdoc...', 62, Array)
#1 C:\xampp7\htdocs\perpus_kabayan\vendor\codeigniter4\framework\system\CodeIgniter.php(824): App\Controllers\PinjamanDetail->save()
#2 C:\xampp7\htdocs\perpus_kabayan\vendor\codeigniter4\framework\system\CodeIgniter.php(410): CodeIgniter\CodeIgniter->runController(Object(App\Controllers\PinjamanDetail))
#3 C:\xampp7\htdocs\perpus_kabayan\vendor\codeigniter4\framework\system\CodeIgniter.php(318): CodeIgniter\CodeIgniter->handleRequest(NULL, Object(Config\Cache), false)
#4 C:\xampp7\htdocs\perpus_kabayan\public\index.php(37): CodeIgniter\CodeIgniter->run()
#5 C:\xampp7\htdocs\perpus_kabayan\vendor\codeigniter4\framework\system\Commands\Server\rewrite.php(43): require_once('C:\\xampp7\\htdoc...')
#6 {main}
CRITICAL - 2022-09-29 00:22:40 --> Call to undefined method App\Models\PinjamanDetailModel::getData
#0 C:\xampp7\htdocs\perpus_kabayan\app\Controllers\PinjamanDetail.php(71): CodeIgniter\Model->__call('getData', Array)
#1 C:\xampp7\htdocs\perpus_kabayan\vendor\codeigniter4\framework\system\CodeIgniter.php(824): App\Controllers\PinjamanDetail->edit('2')
#2 C:\xampp7\htdocs\perpus_kabayan\vendor\codeigniter4\framework\system\CodeIgniter.php(410): CodeIgniter\CodeIgniter->runController(Object(App\Controllers\PinjamanDetail))
#3 C:\xampp7\htdocs\perpus_kabayan\vendor\codeigniter4\framework\system\CodeIgniter.php(318): CodeIgniter\CodeIgniter->handleRequest(NULL, Object(Config\Cache), false)
#4 C:\xampp7\htdocs\perpus_kabayan\public\index.php(37): CodeIgniter\CodeIgniter->run()
#5 C:\xampp7\htdocs\perpus_kabayan\vendor\codeigniter4\framework\system\Commands\Server\rewrite.php(43): require_once('C:\\xampp7\\htdoc...')
#6 {main}
CRITICAL - 2022-09-29 00:23:12 --> Undefined variable: id_so
#0 C:\xampp7\htdocs\perpus_kabayan\app\Views\pinjamandetail\ubah.php(11): CodeIgniter\Debug\Exceptions->errorHandler(8, 'Undefined varia...', 'C:\\xampp7\\htdoc...', 11, Array)
#1 C:\xampp7\htdocs\perpus_kabayan\vendor\codeigniter4\framework\system\View\View.php(214): include('C:\\xampp7\\htdoc...')
#2 C:\xampp7\htdocs\perpus_kabayan\vendor\codeigniter4\framework\system\View\View.php(217): CodeIgniter\View\View->CodeIgniter\View\{closure}()
#3 C:\xampp7\htdocs\perpus_kabayan\vendor\codeigniter4\framework\system\Common.php(1097): CodeIgniter\View\View->render('/PinjamanDetail...', Array, true)
#4 C:\xampp7\htdocs\perpus_kabayan\app\Controllers\PinjamanDetail.php(73): view('/PinjamanDetail...', Array)
#5 C:\xampp7\htdocs\perpus_kabayan\vendor\codeigniter4\framework\system\CodeIgniter.php(824): App\Controllers\PinjamanDetail->edit('2')
#6 C:\xampp7\htdocs\perpus_kabayan\vendor\codeigniter4\framework\system\CodeIgniter.php(410): CodeIgniter\CodeIgniter->runController(Object(App\Controllers\PinjamanDetail))
#7 C:\xampp7\htdocs\perpus_kabayan\vendor\codeigniter4\framework\system\CodeIgniter.php(318): CodeIgniter\CodeIgniter->handleRequest(NULL, Object(Config\Cache), false)
#8 C:\xampp7\htdocs\perpus_kabayan\public\index.php(37): CodeIgniter\CodeIgniter->run()
#9 C:\xampp7\htdocs\perpus_kabayan\vendor\codeigniter4\framework\system\Commands\Server\rewrite.php(43): require_once('C:\\xampp7\\htdoc...')
#10 {main}
CRITICAL - 2022-09-29 00:26:56 --> Undefined variable: id_pinjaman
#0 C:\xampp7\htdocs\perpus_kabayan\app\Views\pinjamandetail\ubah.php(11): CodeIgniter\Debug\Exceptions->errorHandler(8, 'Undefined varia...', 'C:\\xampp7\\htdoc...', 11, Array)
#1 C:\xampp7\htdocs\perpus_kabayan\vendor\codeigniter4\framework\system\View\View.php(214): include('C:\\xampp7\\htdoc...')
#2 C:\xampp7\htdocs\perpus_kabayan\vendor\codeigniter4\framework\system\View\View.php(217): CodeIgniter\View\View->CodeIgniter\View\{closure}()
#3 C:\xampp7\htdocs\perpus_kabayan\vendor\codeigniter4\framework\system\Common.php(1097): CodeIgniter\View\View->render('/PinjamanDetail...', Array, true)
#4 C:\xampp7\htdocs\perpus_kabayan\app\Controllers\PinjamanDetail.php(73): view('/PinjamanDetail...', Array)
#5 C:\xampp7\htdocs\perpus_kabayan\vendor\codeigniter4\framework\system\CodeIgniter.php(824): App\Controllers\PinjamanDetail->edit('2')
#6 C:\xampp7\htdocs\perpus_kabayan\vendor\codeigniter4\framework\system\CodeIgniter.php(410): CodeIgniter\CodeIgniter->runController(Object(App\Controllers\PinjamanDetail))
#7 C:\xampp7\htdocs\perpus_kabayan\vendor\codeigniter4\framework\system\CodeIgniter.php(318): CodeIgniter\CodeIgniter->handleRequest(NULL, Object(Config\Cache), false)
#8 C:\xampp7\htdocs\perpus_kabayan\public\index.php(37): CodeIgniter\CodeIgniter->run()
#9 C:\xampp7\htdocs\perpus_kabayan\vendor\codeigniter4\framework\system\Commands\Server\rewrite.php(43): require_once('C:\\xampp7\\htdoc...')
#10 {main}
CRITICAL - 2022-09-29 00:30:07 --> Illegal string offset 'id_pinjaman'
#0 C:\xampp7\htdocs\perpus_kabayan\app\Views\pinjamandetail\ubah.php(11): CodeIgniter\Debug\Exceptions->errorHandler(2, 'Illegal string ...', 'C:\\xampp7\\htdoc...', 11, Array)
#1 C:\xampp7\htdocs\perpus_kabayan\vendor\codeigniter4\framework\system\View\View.php(214): include('C:\\xampp7\\htdoc...')
#2 C:\xampp7\htdocs\perpus_kabayan\vendor\codeigniter4\framework\system\View\View.php(217): CodeIgniter\View\View->CodeIgniter\View\{closure}()
#3 C:\xampp7\htdocs\perpus_kabayan\vendor\codeigniter4\framework\system\Common.php(1097): CodeIgniter\View\View->render('/PinjamanDetail...', Array, true)
#4 C:\xampp7\htdocs\perpus_kabayan\app\Controllers\PinjamanDetail.php(76): view('/PinjamanDetail...', Array)
#5 C:\xampp7\htdocs\perpus_kabayan\vendor\codeigniter4\framework\system\CodeIgniter.php(824): App\Controllers\PinjamanDetail->edit('2')
#6 C:\xampp7\htdocs\perpus_kabayan\vendor\codeigniter4\framework\system\CodeIgniter.php(410): CodeIgniter\CodeIgniter->runController(Object(App\Controllers\PinjamanDetail))
#7 C:\xampp7\htdocs\perpus_kabayan\vendor\codeigniter4\framework\system\CodeIgniter.php(318): CodeIgniter\CodeIgniter->handleRequest(NULL, Object(Config\Cache), false)
#8 C:\xampp7\htdocs\perpus_kabayan\public\index.php(37): CodeIgniter\CodeIgniter->run()
#9 C:\xampp7\htdocs\perpus_kabayan\vendor\codeigniter4\framework\system\Commands\Server\rewrite.php(43): require_once('C:\\xampp7\\htdoc...')
#10 {main}
CRITICAL - 2022-09-29 00:30:57 --> Illegal string offset 'id_pinjaman'
#0 C:\xampp7\htdocs\perpus_kabayan\app\Views\pinjamandetail\ubah.php(11): CodeIgniter\Debug\Exceptions->errorHandler(2, 'Illegal string ...', 'C:\\xampp7\\htdoc...', 11, Array)
#1 C:\xampp7\htdocs\perpus_kabayan\vendor\codeigniter4\framework\system\View\View.php(214): include('C:\\xampp7\\htdoc...')
#2 C:\xampp7\htdocs\perpus_kabayan\vendor\codeigniter4\framework\system\View\View.php(217): CodeIgniter\View\View->CodeIgniter\View\{closure}()
#3 C:\xampp7\htdocs\perpus_kabayan\vendor\codeigniter4\framework\system\Common.php(1097): CodeIgniter\View\View->render('/PinjamanDetail...', Array, true)
#4 C:\xampp7\htdocs\perpus_kabayan\app\Controllers\PinjamanDetail.php(76): view('/PinjamanDetail...', Array)
#5 C:\xampp7\htdocs\perpus_kabayan\vendor\codeigniter4\framework\system\CodeIgniter.php(824): App\Controllers\PinjamanDetail->edit('7')
#6 C:\xampp7\htdocs\perpus_kabayan\vendor\codeigniter4\framework\system\CodeIgniter.php(410): CodeIgniter\CodeIgniter->runController(Object(App\Controllers\PinjamanDetail))
#7 C:\xampp7\htdocs\perpus_kabayan\vendor\codeigniter4\framework\system\CodeIgniter.php(318): CodeIgniter\CodeIgniter->handleRequest(NULL, Object(Config\Cache), false)
#8 C:\xampp7\htdocs\perpus_kabayan\public\index.php(37): CodeIgniter\CodeIgniter->run()
#9 C:\xampp7\htdocs\perpus_kabayan\vendor\codeigniter4\framework\system\Commands\Server\rewrite.php(43): require_once('C:\\xampp7\\htdoc...')
#10 {main}
CRITICAL - 2022-09-29 00:31:35 --> Undefined index: id_so_detail
#0 C:\xampp7\htdocs\perpus_kabayan\app\Views\pinjamandetail\ubah.php(24): CodeIgniter\Debug\Exceptions->errorHandler(8, 'Undefined index...', 'C:\\xampp7\\htdoc...', 24, Array)
#1 C:\xampp7\htdocs\perpus_kabayan\vendor\codeigniter4\framework\system\View\View.php(214): include('C:\\xampp7\\htdoc...')
#2 C:\xampp7\htdocs\perpus_kabayan\vendor\codeigniter4\framework\system\View\View.php(217): CodeIgniter\View\View->CodeIgniter\View\{closure}()
#3 C:\xampp7\htdocs\perpus_kabayan\vendor\codeigniter4\framework\system\Common.php(1097): CodeIgniter\View\View->render('/PinjamanDetail...', Array, true)
#4 C:\xampp7\htdocs\perpus_kabayan\app\Controllers\PinjamanDetail.php(76): view('/PinjamanDetail...', Array)
#5 C:\xampp7\htdocs\perpus_kabayan\vendor\codeigniter4\framework\system\CodeIgniter.php(824): App\Controllers\PinjamanDetail->edit('7')
#6 C:\xampp7\htdocs\perpus_kabayan\vendor\codeigniter4\framework\system\CodeIgniter.php(410): CodeIgniter\CodeIgniter->runController(Object(App\Controllers\PinjamanDetail))
#7 C:\xampp7\htdocs\perpus_kabayan\vendor\codeigniter4\framework\system\CodeIgniter.php(318): CodeIgniter\CodeIgniter->handleRequest(NULL, Object(Config\Cache), false)
#8 C:\xampp7\htdocs\perpus_kabayan\public\index.php(37): CodeIgniter\CodeIgniter->run()
#9 C:\xampp7\htdocs\perpus_kabayan\vendor\codeigniter4\framework\system\Commands\Server\rewrite.php(43): require_once('C:\\xampp7\\htdoc...')
#10 {main}
CRITICAL - 2022-09-29 00:32:58 --> Undefined index: id_so_detail
#0 C:\xampp7\htdocs\perpus_kabayan\app\Views\pinjamandetail\ubah.php(24): CodeIgniter\Debug\Exceptions->errorHandler(8, 'Undefined index...', 'C:\\xampp7\\htdoc...', 24, Array)
#1 C:\xampp7\htdocs\perpus_kabayan\vendor\codeigniter4\framework\system\View\View.php(214): include('C:\\xampp7\\htdoc...')
#2 C:\xampp7\htdocs\perpus_kabayan\vendor\codeigniter4\framework\system\View\View.php(217): CodeIgniter\View\View->CodeIgniter\View\{closure}()
#3 C:\xampp7\htdocs\perpus_kabayan\vendor\codeigniter4\framework\system\Common.php(1097): CodeIgniter\View\View->render('/PinjamanDetail...', Array, true)
#4 C:\xampp7\htdocs\perpus_kabayan\app\Controllers\PinjamanDetail.php(76): view('/PinjamanDetail...', Array)
#5 C:\xampp7\htdocs\perpus_kabayan\vendor\codeigniter4\framework\system\CodeIgniter.php(824): App\Controllers\PinjamanDetail->edit('7')
#6 C:\xampp7\htdocs\perpus_kabayan\vendor\codeigniter4\framework\system\CodeIgniter.php(410): CodeIgniter\CodeIgniter->runController(Object(App\Controllers\PinjamanDetail))
#7 C:\xampp7\htdocs\perpus_kabayan\vendor\codeigniter4\framework\system\CodeIgniter.php(318): CodeIgniter\CodeIgniter->handleRequest(NULL, Object(Config\Cache), false)
#8 C:\xampp7\htdocs\perpus_kabayan\public\index.php(37): CodeIgniter\CodeIgniter->run()
#9 C:\xampp7\htdocs\perpus_kabayan\vendor\codeigniter4\framework\system\Commands\Server\rewrite.php(43): require_once('C:\\xampp7\\htdoc...')
#10 {main}
CRITICAL - 2022-09-29 00:33:22 --> Undefined variable: id_pinjaman_detail
#0 C:\xampp7\htdocs\perpus_kabayan\app\Views\pinjamandetail\ubah.php(24): CodeIgniter\Debug\Exceptions->errorHandler(8, 'Undefined varia...', 'C:\\xampp7\\htdoc...', 24, Array)
#1 C:\xampp7\htdocs\perpus_kabayan\vendor\codeigniter4\framework\system\View\View.php(214): include('C:\\xampp7\\htdoc...')
#2 C:\xampp7\htdocs\perpus_kabayan\vendor\codeigniter4\framework\system\View\View.php(217): CodeIgniter\View\View->CodeIgniter\View\{closure}()
#3 C:\xampp7\htdocs\perpus_kabayan\vendor\codeigniter4\framework\system\Common.php(1097): CodeIgniter\View\View->render('/PinjamanDetail...', Array, true)
#4 C:\xampp7\htdocs\perpus_kabayan\app\Controllers\PinjamanDetail.php(76): view('/PinjamanDetail...', Array)
#5 C:\xampp7\htdocs\perpus_kabayan\vendor\codeigniter4\framework\system\CodeIgniter.php(824): App\Controllers\PinjamanDetail->edit('7')
#6 C:\xampp7\htdocs\perpus_kabayan\vendor\codeigniter4\framework\system\CodeIgniter.php(410): CodeIgniter\CodeIgniter->runController(Object(App\Controllers\PinjamanDetail))
#7 C:\xampp7\htdocs\perpus_kabayan\vendor\codeigniter4\framework\system\CodeIgniter.php(318): CodeIgniter\CodeIgniter->handleRequest(NULL, Object(Config\Cache), false)
#8 C:\xampp7\htdocs\perpus_kabayan\public\index.php(37): CodeIgniter\CodeIgniter->run()
#9 C:\xampp7\htdocs\perpus_kabayan\vendor\codeigniter4\framework\system\Commands\Server\rewrite.php(43): require_once('C:\\xampp7\\htdoc...')
#10 {main}
CRITICAL - 2022-09-29 00:33:50 --> Undefined variable: id_pinjaman_detail
#0 C:\xampp7\htdocs\perpus_kabayan\app\Views\pinjamandetail\ubah.php(24): CodeIgniter\Debug\Exceptions->errorHandler(8, 'Undefined varia...', 'C:\\xampp7\\htdoc...', 24, Array)
#1 C:\xampp7\htdocs\perpus_kabayan\vendor\codeigniter4\framework\system\View\View.php(214): include('C:\\xampp7\\htdoc...')
#2 C:\xampp7\htdocs\perpus_kabayan\vendor\codeigniter4\framework\system\View\View.php(217): CodeIgniter\View\View->CodeIgniter\View\{closure}()
#3 C:\xampp7\htdocs\perpus_kabayan\vendor\codeigniter4\framework\system\Common.php(1097): CodeIgniter\View\View->render('/PinjamanDetail...', Array, true)
#4 C:\xampp7\htdocs\perpus_kabayan\app\Controllers\PinjamanDetail.php(76): view('/PinjamanDetail...', Array)
#5 C:\xampp7\htdocs\perpus_kabayan\vendor\codeigniter4\framework\system\CodeIgniter.php(824): App\Controllers\PinjamanDetail->edit('7')
#6 C:\xampp7\htdocs\perpus_kabayan\vendor\codeigniter4\framework\system\CodeIgniter.php(410): CodeIgniter\CodeIgniter->runController(Object(App\Controllers\PinjamanDetail))
#7 C:\xampp7\htdocs\perpus_kabayan\vendor\codeigniter4\framework\system\CodeIgniter.php(318): CodeIgniter\CodeIgniter->handleRequest(NULL, Object(Config\Cache), false)
#8 C:\xampp7\htdocs\perpus_kabayan\public\index.php(37): CodeIgniter\CodeIgniter->run()
#9 C:\xampp7\htdocs\perpus_kabayan\vendor\codeigniter4\framework\system\Commands\Server\rewrite.php(43): require_once('C:\\xampp7\\htdoc...')
#10 {main}
CRITICAL - 2022-09-29 00:34:27 --> Undefined variable: user
#0 C:\xampp7\htdocs\perpus_kabayan\app\Views\pinjamandetail\ubah.php(30): CodeIgniter\Debug\Exceptions->errorHandler(8, 'Undefined varia...', 'C:\\xampp7\\htdoc...', 30, Array)
#1 C:\xampp7\htdocs\perpus_kabayan\vendor\codeigniter4\framework\system\View\View.php(214): include('C:\\xampp7\\htdoc...')
#2 C:\xampp7\htdocs\perpus_kabayan\vendor\codeigniter4\framework\system\View\View.php(217): CodeIgniter\View\View->CodeIgniter\View\{closure}()
#3 C:\xampp7\htdocs\perpus_kabayan\vendor\codeigniter4\framework\system\Common.php(1097): CodeIgniter\View\View->render('/PinjamanDetail...', Array, true)
#4 C:\xampp7\htdocs\perpus_kabayan\app\Controllers\PinjamanDetail.php(76): view('/PinjamanDetail...', Array)
#5 C:\xampp7\htdocs\perpus_kabayan\vendor\codeigniter4\framework\system\CodeIgniter.php(824): App\Controllers\PinjamanDetail->edit('7')
#6 C:\xampp7\htdocs\perpus_kabayan\vendor\codeigniter4\framework\system\CodeIgniter.php(410): CodeIgniter\CodeIgniter->runController(Object(App\Controllers\PinjamanDetail))
#7 C:\xampp7\htdocs\perpus_kabayan\vendor\codeigniter4\framework\system\CodeIgniter.php(318): CodeIgniter\CodeIgniter->handleRequest(NULL, Object(Config\Cache), false)
#8 C:\xampp7\htdocs\perpus_kabayan\public\index.php(37): CodeIgniter\CodeIgniter->run()
#9 C:\xampp7\htdocs\perpus_kabayan\vendor\codeigniter4\framework\system\Commands\Server\rewrite.php(43): require_once('C:\\xampp7\\htdoc...')
#10 {main}
CRITICAL - 2022-09-29 00:36:16 --> Too few arguments to function App\Controllers\PinjamanDetail::edit(), 0 passed in C:\xampp7\htdocs\perpus_kabayan\vendor\codeigniter4\framework\system\CodeIgniter.php on line 824 and exactly 1 expected
#0 C:\xampp7\htdocs\perpus_kabayan\vendor\codeigniter4\framework\system\CodeIgniter.php(824): App\Controllers\PinjamanDetail->edit()
#1 C:\xampp7\htdocs\perpus_kabayan\vendor\codeigniter4\framework\system\CodeIgniter.php(410): CodeIgniter\CodeIgniter->runController(Object(App\Controllers\PinjamanDetail))
#2 C:\xampp7\htdocs\perpus_kabayan\vendor\codeigniter4\framework\system\CodeIgniter.php(318): CodeIgniter\CodeIgniter->handleRequest(NULL, Object(Config\Cache), false)
#3 C:\xampp7\htdocs\perpus_kabayan\public\index.php(37): CodeIgniter\CodeIgniter->run()
#4 C:\xampp7\htdocs\perpus_kabayan\vendor\codeigniter4\framework\system\Commands\Server\rewrite.php(43): require_once('C:\\xampp7\\htdoc...')
#5 {main}
CRITICAL - 2022-09-29 00:37:27 --> Too few arguments to function App\Controllers\PinjamanDetail::edit(), 0 passed in C:\xampp7\htdocs\perpus_kabayan\vendor\codeigniter4\framework\system\CodeIgniter.php on line 824 and exactly 1 expected
#0 C:\xampp7\htdocs\perpus_kabayan\vendor\codeigniter4\framework\system\CodeIgniter.php(824): App\Controllers\PinjamanDetail->edit()
#1 C:\xampp7\htdocs\perpus_kabayan\vendor\codeigniter4\framework\system\CodeIgniter.php(410): CodeIgniter\CodeIgniter->runController(Object(App\Controllers\PinjamanDetail))
#2 C:\xampp7\htdocs\perpus_kabayan\vendor\codeigniter4\framework\system\CodeIgniter.php(318): CodeIgniter\CodeIgniter->handleRequest(NULL, Object(Config\Cache), false)
#3 C:\xampp7\htdocs\perpus_kabayan\public\index.php(37): CodeIgniter\CodeIgniter->run()
#4 C:\xampp7\htdocs\perpus_kabayan\vendor\codeigniter4\framework\system\Commands\Server\rewrite.php(43): require_once('C:\\xampp7\\htdoc...')
#5 {main}
CRITICAL - 2022-09-29 00:38:04 --> Too few arguments to function App\Controllers\PinjamanDetail::edit(), 0 passed in C:\xampp7\htdocs\perpus_kabayan\vendor\codeigniter4\framework\system\CodeIgniter.php on line 824 and exactly 1 expected
#0 C:\xampp7\htdocs\perpus_kabayan\vendor\codeigniter4\framework\system\CodeIgniter.php(824): App\Controllers\PinjamanDetail->edit()
#1 C:\xampp7\htdocs\perpus_kabayan\vendor\codeigniter4\framework\system\CodeIgniter.php(410): CodeIgniter\CodeIgniter->runController(Object(App\Controllers\PinjamanDetail))
#2 C:\xampp7\htdocs\perpus_kabayan\vendor\codeigniter4\framework\system\CodeIgniter.php(318): CodeIgniter\CodeIgniter->handleRequest(NULL, Object(Config\Cache), false)
#3 C:\xampp7\htdocs\perpus_kabayan\public\index.php(37): CodeIgniter\CodeIgniter->run()
#4 C:\xampp7\htdocs\perpus_kabayan\vendor\codeigniter4\framework\system\Commands\Server\rewrite.php(43): require_once('C:\\xampp7\\htdoc...')
#5 {main}
CRITICAL - 2022-09-29 00:38:10 --> Too few arguments to function App\Controllers\PinjamanDetail::index(), 0 passed in C:\xampp7\htdocs\perpus_kabayan\vendor\codeigniter4\framework\system\CodeIgniter.php on line 824 and exactly 1 expected
#0 C:\xampp7\htdocs\perpus_kabayan\vendor\codeigniter4\framework\system\CodeIgniter.php(824): App\Controllers\PinjamanDetail->index()
#1 C:\xampp7\htdocs\perpus_kabayan\vendor\codeigniter4\framework\system\CodeIgniter.php(410): CodeIgniter\CodeIgniter->runController(Object(App\Controllers\PinjamanDetail))
#2 C:\xampp7\htdocs\perpus_kabayan\vendor\codeigniter4\framework\system\CodeIgniter.php(318): CodeIgniter\CodeIgniter->handleRequest(NULL, Object(Config\Cache), false)
#3 C:\xampp7\htdocs\perpus_kabayan\public\index.php(37): CodeIgniter\CodeIgniter->run()
#4 C:\xampp7\htdocs\perpus_kabayan\vendor\codeigniter4\framework\system\Commands\Server\rewrite.php(43): require_once('C:\\xampp7\\htdoc...')
#5 {main}
CRITICAL - 2022-09-29 00:39:17 --> Too few arguments to function App\Controllers\PinjamanDetail::index(), 0 passed in C:\xampp7\htdocs\perpus_kabayan\vendor\codeigniter4\framework\system\CodeIgniter.php on line 824 and exactly 1 expected
#0 C:\xampp7\htdocs\perpus_kabayan\vendor\codeigniter4\framework\system\CodeIgniter.php(824): App\Controllers\PinjamanDetail->index()
#1 C:\xampp7\htdocs\perpus_kabayan\vendor\codeigniter4\framework\system\CodeIgniter.php(410): CodeIgniter\CodeIgniter->runController(Object(App\Controllers\PinjamanDetail))
#2 C:\xampp7\htdocs\perpus_kabayan\vendor\codeigniter4\framework\system\CodeIgniter.php(318): CodeIgniter\CodeIgniter->handleRequest(NULL, Object(Config\Cache), false)
#3 C:\xampp7\htdocs\perpus_kabayan\public\index.php(37): CodeIgniter\CodeIgniter->run()
#4 C:\xampp7\htdocs\perpus_kabayan\vendor\codeigniter4\framework\system\Commands\Server\rewrite.php(43): require_once('C:\\xampp7\\htdoc...')
#5 {main}
CRITICAL - 2022-09-29 00:39:23 --> Too few arguments to function App\Controllers\PinjamanDetail::index(), 0 passed in C:\xampp7\htdocs\perpus_kabayan\vendor\codeigniter4\framework\system\CodeIgniter.php on line 824 and exactly 1 expected
#0 C:\xampp7\htdocs\perpus_kabayan\vendor\codeigniter4\framework\system\CodeIgniter.php(824): App\Controllers\PinjamanDetail->index()
#1 C:\xampp7\htdocs\perpus_kabayan\vendor\codeigniter4\framework\system\CodeIgniter.php(410): CodeIgniter\CodeIgniter->runController(Object(App\Controllers\PinjamanDetail))
#2 C:\xampp7\htdocs\perpus_kabayan\vendor\codeigniter4\framework\system\CodeIgniter.php(318): CodeIgniter\CodeIgniter->handleRequest(NULL, Object(Config\Cache), false)
#3 C:\xampp7\htdocs\perpus_kabayan\public\index.php(37): CodeIgniter\CodeIgniter->run()
#4 C:\xampp7\htdocs\perpus_kabayan\vendor\codeigniter4\framework\system\Commands\Server\rewrite.php(43): require_once('C:\\xampp7\\htdoc...')
#5 {main}
ERROR - 2022-09-29 00:59:19 --> Unknown column 's' in 'field list'
CRITICAL - 2022-09-29 00:59:19 --> Unknown column 's' in 'field list'
#0 C:\xampp7\htdocs\perpus_kabayan\vendor\codeigniter4\framework\system\Database\MySQLi\Connection.php(292): mysqli->query('SELECT `s`\nFROM...', 0)
#1 C:\xampp7\htdocs\perpus_kabayan\vendor\codeigniter4\framework\system\Database\BaseConnection.php(670): CodeIgniter\Database\MySQLi\Connection->execute('SELECT `s`\nFROM...')
#2 C:\xampp7\htdocs\perpus_kabayan\vendor\codeigniter4\framework\system\Database\BaseConnection.php(598): CodeIgniter\Database\BaseConnection->simpleQuery('SELECT `s`\nFROM...')
#3 C:\xampp7\htdocs\perpus_kabayan\vendor\codeigniter4\framework\system\Database\BaseBuilder.php(1443): CodeIgniter\Database\BaseConnection->query('SELECT `s`\nFROM...', Array, false)
#4 C:\xampp7\htdocs\perpus_kabayan\vendor\codeigniter4\framework\system\Model.php(145): CodeIgniter\Database\BaseBuilder->get()
#5 C:\xampp7\htdocs\perpus_kabayan\vendor\codeigniter4\framework\system\BaseModel.php(523): CodeIgniter\Model->doFind(false, NULL)
#6 C:\xampp7\htdocs\perpus_kabayan\vendor\codeigniter4\framework\system\Model.php(161): CodeIgniter\BaseModel->find()
#7 C:\xampp7\htdocs\perpus_kabayan\vendor\codeigniter4\framework\system\BaseModel.php(554): CodeIgniter\Model->doFindColumn('s')
#8 C:\xampp7\htdocs\perpus_kabayan\app\Controllers\PinjamanDetail.php(65): CodeIgniter\BaseModel->findColumn('s')
#9 C:\xampp7\htdocs\perpus_kabayan\vendor\codeigniter4\framework\system\CodeIgniter.php(824): App\Controllers\PinjamanDetail->save()
#10 C:\xampp7\htdocs\perpus_kabayan\vendor\codeigniter4\framework\system\CodeIgniter.php(410): CodeIgniter\CodeIgniter->runController(Object(App\Controllers\PinjamanDetail))
#11 C:\xampp7\htdocs\perpus_kabayan\vendor\codeigniter4\framework\system\CodeIgniter.php(318): CodeIgniter\CodeIgniter->handleRequest(NULL, Object(Config\Cache), false)
#12 C:\xampp7\htdocs\perpus_kabayan\public\index.php(37): CodeIgniter\CodeIgniter->run()
#13 C:\xampp7\htdocs\perpus_kabayan\vendor\codeigniter4\framework\system\Commands\Server\rewrite.php(43): require_once('C:\\xampp7\\htdoc...')
#14 {main}
CRITICAL - 2022-09-29 01:20:48 --> Undefined property: App\Controllers\Dashboard::$controller
#0 C:\xampp7\htdocs\perpus_kabayan\app\Controllers\Dashboard.php(19): CodeIgniter\Debug\Exceptions->errorHandler(8, 'Undefined prope...', 'C:\\xampp7\\htdoc...', 19, Array)
#1 C:\xampp7\htdocs\perpus_kabayan\vendor\codeigniter4\framework\system\CodeIgniter.php(824): App\Controllers\Dashboard->index()
#2 C:\xampp7\htdocs\perpus_kabayan\vendor\codeigniter4\framework\system\CodeIgniter.php(410): CodeIgniter\CodeIgniter->runController(Object(App\Controllers\Dashboard))
#3 C:\xampp7\htdocs\perpus_kabayan\vendor\codeigniter4\framework\system\CodeIgniter.php(318): CodeIgniter\CodeIgniter->handleRequest(NULL, Object(Config\Cache), false)
#4 C:\xampp7\htdocs\perpus_kabayan\public\index.php(37): CodeIgniter\CodeIgniter->run()
#5 C:\xampp7\htdocs\perpus_kabayan\vendor\codeigniter4\framework\system\Commands\Server\rewrite.php(43): require_once('C:\\xampp7\\htdoc...')
#6 {main}
CRITICAL - 2022-09-29 01:20:57 --> Undefined property: App\Controllers\Dashboard::$PinjamanModeldel
#0 C:\xampp7\htdocs\perpus_kabayan\app\Controllers\Dashboard.php(21): CodeIgniter\Debug\Exceptions->errorHandler(8, 'Undefined prope...', 'C:\\xampp7\\htdoc...', 21, Array)
#1 C:\xampp7\htdocs\perpus_kabayan\vendor\codeigniter4\framework\system\CodeIgniter.php(824): App\Controllers\Dashboard->index()
#2 C:\xampp7\htdocs\perpus_kabayan\vendor\codeigniter4\framework\system\CodeIgniter.php(410): CodeIgniter\CodeIgniter->runController(Object(App\Controllers\Dashboard))
#3 C:\xampp7\htdocs\perpus_kabayan\vendor\codeigniter4\framework\system\CodeIgniter.php(318): CodeIgniter\CodeIgniter->handleRequest(NULL, Object(Config\Cache), false)
#4 C:\xampp7\htdocs\perpus_kabayan\public\index.php(37): CodeIgniter\CodeIgniter->run()
#5 C:\xampp7\htdocs\perpus_kabayan\vendor\codeigniter4\framework\system\Commands\Server\rewrite.php(43): require_once('C:\\xampp7\\htdoc...')
#6 {main}
CRITICAL - 2022-09-29 01:21:07 --> Undefined property: App\Controllers\Dashboard::$controller
#0 C:\xampp7\htdocs\perpus_kabayan\app\Controllers\Dashboard.php(23): CodeIgniter\Debug\Exceptions->errorHandler(8, 'Undefined prope...', 'C:\\xampp7\\htdoc...', 23, Array)
#1 C:\xampp7\htdocs\perpus_kabayan\vendor\codeigniter4\framework\system\CodeIgniter.php(824): App\Controllers\Dashboard->index()
#2 C:\xampp7\htdocs\perpus_kabayan\vendor\codeigniter4\framework\system\CodeIgniter.php(410): CodeIgniter\CodeIgniter->runController(Object(App\Controllers\Dashboard))
#3 C:\xampp7\htdocs\perpus_kabayan\vendor\codeigniter4\framework\system\CodeIgniter.php(318): CodeIgniter\CodeIgniter->handleRequest(NULL, Object(Config\Cache), false)
#4 C:\xampp7\htdocs\perpus_kabayan\public\index.php(37): CodeIgniter\CodeIgniter->run()
#5 C:\xampp7\htdocs\perpus_kabayan\vendor\codeigniter4\framework\system\Commands\Server\rewrite.php(43): require_once('C:\\xampp7\\htdoc...')
#6 {main}
ERROR - 2022-09-29 01:36:24 --> Unknown column 'status_pinjaman' in 'field list'
CRITICAL - 2022-09-29 01:36:24 --> Unknown column 'status_pinjaman' in 'field list'
#0 C:\xampp7\htdocs\perpus_kabayan\vendor\codeigniter4\framework\system\Database\MySQLi\Connection.php(292): mysqli->query('SELECT `status_...', 0)
#1 C:\xampp7\htdocs\perpus_kabayan\vendor\codeigniter4\framework\system\Database\BaseConnection.php(670): CodeIgniter\Database\MySQLi\Connection->execute('SELECT `status_...')
#2 C:\xampp7\htdocs\perpus_kabayan\vendor\codeigniter4\framework\system\Database\BaseConnection.php(598): CodeIgniter\Database\BaseConnection->simpleQuery('SELECT `status_...')
#3 C:\xampp7\htdocs\perpus_kabayan\vendor\codeigniter4\framework\system\Database\BaseBuilder.php(1443): CodeIgniter\Database\BaseConnection->query('SELECT `status_...', Array, false)
#4 C:\xampp7\htdocs\perpus_kabayan\vendor\codeigniter4\framework\system\Model.php(183): CodeIgniter\Database\BaseBuilder->get()
#5 C:\xampp7\htdocs\perpus_kabayan\vendor\codeigniter4\framework\system\BaseModel.php(584): CodeIgniter\Model->doFindAll(0, 0)
#6 C:\xampp7\htdocs\perpus_kabayan\app\Models\PinjamanDetailModel.php(62): CodeIgniter\BaseModel->findAll()
#7 C:\xampp7\htdocs\perpus_kabayan\app\Controllers\PinjamanDetail.php(108): App\Models\PinjamanDetailModel->getStatus('1')
#8 C:\xampp7\htdocs\perpus_kabayan\vendor\codeigniter4\framework\system\CodeIgniter.php(824): App\Controllers\PinjamanDetail->update('6')
#9 C:\xampp7\htdocs\perpus_kabayan\vendor\codeigniter4\framework\system\CodeIgniter.php(410): CodeIgniter\CodeIgniter->runController(Object(App\Controllers\PinjamanDetail))
#10 C:\xampp7\htdocs\perpus_kabayan\vendor\codeigniter4\framework\system\CodeIgniter.php(318): CodeIgniter\CodeIgniter->handleRequest(NULL, Object(Config\Cache), false)
#11 C:\xampp7\htdocs\perpus_kabayan\public\index.php(37): CodeIgniter\CodeIgniter->run()
#12 C:\xampp7\htdocs\perpus_kabayan\vendor\codeigniter4\framework\system\Commands\Server\rewrite.php(43): require_once('C:\\xampp7\\htdoc...')
#13 {main}
ERROR - 2022-09-29 01:37:03 --> Unknown column 'status_pinjaman' in 'field list'
CRITICAL - 2022-09-29 01:37:03 --> Unknown column 'status_pinjaman' in 'field list'
#0 C:\xampp7\htdocs\perpus_kabayan\vendor\codeigniter4\framework\system\Database\MySQLi\Connection.php(292): mysqli->query('SELECT `status_...', 0)
#1 C:\xampp7\htdocs\perpus_kabayan\vendor\codeigniter4\framework\system\Database\BaseConnection.php(670): CodeIgniter\Database\MySQLi\Connection->execute('SELECT `status_...')
#2 C:\xampp7\htdocs\perpus_kabayan\vendor\codeigniter4\framework\system\Database\BaseConnection.php(598): CodeIgniter\Database\BaseConnection->simpleQuery('SELECT `status_...')
#3 C:\xampp7\htdocs\perpus_kabayan\vendor\codeigniter4\framework\system\Database\BaseBuilder.php(1443): CodeIgniter\Database\BaseConnection->query('SELECT `status_...', Array, false)
#4 C:\xampp7\htdocs\perpus_kabayan\vendor\codeigniter4\framework\system\Model.php(183): CodeIgniter\Database\BaseBuilder->get()
#5 C:\xampp7\htdocs\perpus_kabayan\vendor\codeigniter4\framework\system\BaseModel.php(584): CodeIgniter\Model->doFindAll(0, 0)
#6 C:\xampp7\htdocs\perpus_kabayan\app\Models\PinjamanDetailModel.php(62): CodeIgniter\BaseModel->findAll()
#7 C:\xampp7\htdocs\perpus_kabayan\app\Controllers\PinjamanDetail.php(108): App\Models\PinjamanDetailModel->getStatus('1')
#8 C:\xampp7\htdocs\perpus_kabayan\vendor\codeigniter4\framework\system\CodeIgniter.php(824): App\Controllers\PinjamanDetail->update('6')
#9 C:\xampp7\htdocs\perpus_kabayan\vendor\codeigniter4\framework\system\CodeIgniter.php(410): CodeIgniter\CodeIgniter->runController(Object(App\Controllers\PinjamanDetail))
#10 C:\xampp7\htdocs\perpus_kabayan\vendor\codeigniter4\framework\system\CodeIgniter.php(318): CodeIgniter\CodeIgniter->handleRequest(NULL, Object(Config\Cache), false)
#11 C:\xampp7\htdocs\perpus_kabayan\public\index.php(37): CodeIgniter\CodeIgniter->run()
#12 C:\xampp7\htdocs\perpus_kabayan\vendor\codeigniter4\framework\system\Commands\Server\rewrite.php(43): require_once('C:\\xampp7\\htdoc...')
#13 {main}
ERROR - 2022-09-29 01:37:35 --> Unknown column 'status_pinjaman' in 'field list'
CRITICAL - 2022-09-29 01:37:35 --> Unknown column 'status_pinjaman' in 'field list'
#0 C:\xampp7\htdocs\perpus_kabayan\vendor\codeigniter4\framework\system\Database\MySQLi\Connection.php(292): mysqli->query('SELECT `status_...', 0)
#1 C:\xampp7\htdocs\perpus_kabayan\vendor\codeigniter4\framework\system\Database\BaseConnection.php(670): CodeIgniter\Database\MySQLi\Connection->execute('SELECT `status_...')
#2 C:\xampp7\htdocs\perpus_kabayan\vendor\codeigniter4\framework\system\Database\BaseConnection.php(598): CodeIgniter\Database\BaseConnection->simpleQuery('SELECT `status_...')
#3 C:\xampp7\htdocs\perpus_kabayan\vendor\codeigniter4\framework\system\Database\BaseBuilder.php(1443): CodeIgniter\Database\BaseConnection->query('SELECT `status_...', Array, false)
#4 C:\xampp7\htdocs\perpus_kabayan\vendor\codeigniter4\framework\system\Model.php(183): CodeIgniter\Database\BaseBuilder->get()
#5 C:\xampp7\htdocs\perpus_kabayan\vendor\codeigniter4\framework\system\BaseModel.php(584): CodeIgniter\Model->doFindAll(0, 0)
#6 C:\xampp7\htdocs\perpus_kabayan\app\Models\PinjamanDetailModel.php(62): CodeIgniter\BaseModel->findAll()
#7 C:\xampp7\htdocs\perpus_kabayan\app\Controllers\PinjamanDetail.php(108): App\Models\PinjamanDetailModel->getStatus('1')
#8 C:\xampp7\htdocs\perpus_kabayan\vendor\codeigniter4\framework\system\CodeIgniter.php(824): App\Controllers\PinjamanDetail->update('6')
#9 C:\xampp7\htdocs\perpus_kabayan\vendor\codeigniter4\framework\system\CodeIgniter.php(410): CodeIgniter\CodeIgniter->runController(Object(App\Controllers\PinjamanDetail))
#10 C:\xampp7\htdocs\perpus_kabayan\vendor\codeigniter4\framework\system\CodeIgniter.php(318): CodeIgniter\CodeIgniter->handleRequest(NULL, Object(Config\Cache), false)
#11 C:\xampp7\htdocs\perpus_kabayan\public\index.php(37): CodeIgniter\CodeIgniter->run()
#12 C:\xampp7\htdocs\perpus_kabayan\vendor\codeigniter4\framework\system\Commands\Server\rewrite.php(43): require_once('C:\\xampp7\\htdoc...')
#13 {main}
ERROR - 2022-09-29 01:37:41 --> Unknown column 'status_pinjaman' in 'field list'
CRITICAL - 2022-09-29 01:37:41 --> Unknown column 'status_pinjaman' in 'field list'
#0 C:\xampp7\htdocs\perpus_kabayan\vendor\codeigniter4\framework\system\Database\MySQLi\Connection.php(292): mysqli->query('SELECT `status_...', 0)
#1 C:\xampp7\htdocs\perpus_kabayan\vendor\codeigniter4\framework\system\Database\BaseConnection.php(670): CodeIgniter\Database\MySQLi\Connection->execute('SELECT `status_...')
#2 C:\xampp7\htdocs\perpus_kabayan\vendor\codeigniter4\framework\system\Database\BaseConnection.php(598): CodeIgniter\Database\BaseConnection->simpleQuery('SELECT `status_...')
#3 C:\xampp7\htdocs\perpus_kabayan\vendor\codeigniter4\framework\system\Database\BaseBuilder.php(1443): CodeIgniter\Database\BaseConnection->query('SELECT `status_...', Array, false)
#4 C:\xampp7\htdocs\perpus_kabayan\vendor\codeigniter4\framework\system\Model.php(183): CodeIgniter\Database\BaseBuilder->get()
#5 C:\xampp7\htdocs\perpus_kabayan\vendor\codeigniter4\framework\system\BaseModel.php(584): CodeIgniter\Model->doFindAll(0, 0)
#6 C:\xampp7\htdocs\perpus_kabayan\app\Models\PinjamanDetailModel.php(62): CodeIgniter\BaseModel->findAll()
#7 C:\xampp7\htdocs\perpus_kabayan\app\Controllers\PinjamanDetail.php(108): App\Models\PinjamanDetailModel->getStatus('1')
#8 C:\xampp7\htdocs\perpus_kabayan\vendor\codeigniter4\framework\system\CodeIgniter.php(824): App\Controllers\PinjamanDetail->update('6')
#9 C:\xampp7\htdocs\perpus_kabayan\vendor\codeigniter4\framework\system\CodeIgniter.php(410): CodeIgniter\CodeIgniter->runController(Object(App\Controllers\PinjamanDetail))
#10 C:\xampp7\htdocs\perpus_kabayan\vendor\codeigniter4\framework\system\CodeIgniter.php(318): CodeIgniter\CodeIgniter->handleRequest(NULL, Object(Config\Cache), false)
#11 C:\xampp7\htdocs\perpus_kabayan\public\index.php(37): CodeIgniter\CodeIgniter->run()
#12 C:\xampp7\htdocs\perpus_kabayan\vendor\codeigniter4\framework\system\Commands\Server\rewrite.php(43): require_once('C:\\xampp7\\htdoc...')
#13 {main}
ERROR - 2022-09-29 01:38:33 --> Unknown column 'status_pinjaman' in 'field list'
CRITICAL - 2022-09-29 01:38:33 --> Unknown column 'status_pinjaman' in 'field list'
#0 C:\xampp7\htdocs\perpus_kabayan\vendor\codeigniter4\framework\system\Database\MySQLi\Connection.php(292): mysqli->query('SELECT `status_...', 0)
#1 C:\xampp7\htdocs\perpus_kabayan\vendor\codeigniter4\framework\system\Database\BaseConnection.php(670): CodeIgniter\Database\MySQLi\Connection->execute('SELECT `status_...')
#2 C:\xampp7\htdocs\perpus_kabayan\vendor\codeigniter4\framework\system\Database\BaseConnection.php(598): CodeIgniter\Database\BaseConnection->simpleQuery('SELECT `status_...')
#3 C:\xampp7\htdocs\perpus_kabayan\vendor\codeigniter4\framework\system\Database\BaseBuilder.php(1443): CodeIgniter\Database\BaseConnection->query('SELECT `status_...', Array, false)
#4 C:\xampp7\htdocs\perpus_kabayan\vendor\codeigniter4\framework\system\Model.php(183): CodeIgniter\Database\BaseBuilder->get()
#5 C:\xampp7\htdocs\perpus_kabayan\vendor\codeigniter4\framework\system\BaseModel.php(584): CodeIgniter\Model->doFindAll(0, 0)
#6 C:\xampp7\htdocs\perpus_kabayan\app\Models\PinjamanDetailModel.php(62): CodeIgniter\BaseModel->findAll()
#7 C:\xampp7\htdocs\perpus_kabayan\app\Controllers\PinjamanDetail.php(108): App\Models\PinjamanDetailModel->getStatus('1')
#8 C:\xampp7\htdocs\perpus_kabayan\vendor\codeigniter4\framework\system\CodeIgniter.php(824): App\Controllers\PinjamanDetail->update('6')
#9 C:\xampp7\htdocs\perpus_kabayan\vendor\codeigniter4\framework\system\CodeIgniter.php(410): CodeIgniter\CodeIgniter->runController(Object(App\Controllers\PinjamanDetail))
#10 C:\xampp7\htdocs\perpus_kabayan\vendor\codeigniter4\framework\system\CodeIgniter.php(318): CodeIgniter\CodeIgniter->handleRequest(NULL, Object(Config\Cache), false)
#11 C:\xampp7\htdocs\perpus_kabayan\public\index.php(37): CodeIgniter\CodeIgniter->run()
#12 C:\xampp7\htdocs\perpus_kabayan\vendor\codeigniter4\framework\system\Commands\Server\rewrite.php(43): require_once('C:\\xampp7\\htdoc...')
#13 {main}
ERROR - 2022-09-29 01:38:52 --> Unknown column 'status_pinjaman' in 'field list'
CRITICAL - 2022-09-29 01:38:52 --> Unknown column 'status_pinjaman' in 'field list'
#0 C:\xampp7\htdocs\perpus_kabayan\vendor\codeigniter4\framework\system\Database\MySQLi\Connection.php(292): mysqli->query('SELECT `status_...', 0)
#1 C:\xampp7\htdocs\perpus_kabayan\vendor\codeigniter4\framework\system\Database\BaseConnection.php(670): CodeIgniter\Database\MySQLi\Connection->execute('SELECT `status_...')
#2 C:\xampp7\htdocs\perpus_kabayan\vendor\codeigniter4\framework\system\Database\BaseConnection.php(598): CodeIgniter\Database\BaseConnection->simpleQuery('SELECT `status_...')
#3 C:\xampp7\htdocs\perpus_kabayan\vendor\codeigniter4\framework\system\Database\BaseBuilder.php(1443): CodeIgniter\Database\BaseConnection->query('SELECT `status_...', Array, false)
#4 C:\xampp7\htdocs\perpus_kabayan\vendor\codeigniter4\framework\system\Model.php(183): CodeIgniter\Database\BaseBuilder->get()
#5 C:\xampp7\htdocs\perpus_kabayan\vendor\codeigniter4\framework\system\BaseModel.php(584): CodeIgniter\Model->doFindAll(0, 0)
#6 C:\xampp7\htdocs\perpus_kabayan\app\Models\PinjamanDetailModel.php(62): CodeIgniter\BaseModel->findAll()
#7 C:\xampp7\htdocs\perpus_kabayan\app\Controllers\PinjamanDetail.php(108): App\Models\PinjamanDetailModel->getStatus('2')
#8 C:\xampp7\htdocs\perpus_kabayan\vendor\codeigniter4\framework\system\CodeIgniter.php(824): App\Controllers\PinjamanDetail->update('2')
#9 C:\xampp7\htdocs\perpus_kabayan\vendor\codeigniter4\framework\system\CodeIgniter.php(410): CodeIgniter\CodeIgniter->runController(Object(App\Controllers\PinjamanDetail))
#10 C:\xampp7\htdocs\perpus_kabayan\vendor\codeigniter4\framework\system\CodeIgniter.php(318): CodeIgniter\CodeIgniter->handleRequest(NULL, Object(Config\Cache), false)
#11 C:\xampp7\htdocs\perpus_kabayan\public\index.php(37): CodeIgniter\CodeIgniter->run()
#12 C:\xampp7\htdocs\perpus_kabayan\vendor\codeigniter4\framework\system\Commands\Server\rewrite.php(43): require_once('C:\\xampp7\\htdoc...')
#13 {main}
ERROR - 2022-09-29 01:39:29 --> Unknown column 'status_pinjaman' in 'field list'
CRITICAL - 2022-09-29 01:39:29 --> Unknown column 'status_pinjaman' in 'field list'
#0 C:\xampp7\htdocs\perpus_kabayan\vendor\codeigniter4\framework\system\Database\MySQLi\Connection.php(292): mysqli->query('SELECT `status_...', 0)
#1 C:\xampp7\htdocs\perpus_kabayan\vendor\codeigniter4\framework\system\Database\BaseConnection.php(670): CodeIgniter\Database\MySQLi\Connection->execute('SELECT `status_...')
#2 C:\xampp7\htdocs\perpus_kabayan\vendor\codeigniter4\framework\system\Database\BaseConnection.php(598): CodeIgniter\Database\BaseConnection->simpleQuery('SELECT `status_...')
#3 C:\xampp7\htdocs\perpus_kabayan\vendor\codeigniter4\framework\system\Database\BaseBuilder.php(1443): CodeIgniter\Database\BaseConnection->query('SELECT `status_...', Array, false)
#4 C:\xampp7\htdocs\perpus_kabayan\vendor\codeigniter4\framework\system\Model.php(183): CodeIgniter\Database\BaseBuilder->get()
#5 C:\xampp7\htdocs\perpus_kabayan\vendor\codeigniter4\framework\system\BaseModel.php(584): CodeIgniter\Model->doFindAll(0, 0)
#6 C:\xampp7\htdocs\perpus_kabayan\app\Models\PinjamanDetailModel.php(62): CodeIgniter\BaseModel->findAll()
#7 C:\xampp7\htdocs\perpus_kabayan\app\Controllers\PinjamanDetail.php(108): App\Models\PinjamanDetailModel->getStatus('2')
#8 C:\xampp7\htdocs\perpus_kabayan\vendor\codeigniter4\framework\system\CodeIgniter.php(824): App\Controllers\PinjamanDetail->update('2')
#9 C:\xampp7\htdocs\perpus_kabayan\vendor\codeigniter4\framework\system\CodeIgniter.php(410): CodeIgniter\CodeIgniter->runController(Object(App\Controllers\PinjamanDetail))
#10 C:\xampp7\htdocs\perpus_kabayan\vendor\codeigniter4\framework\system\CodeIgniter.php(318): CodeIgniter\CodeIgniter->handleRequest(NULL, Object(Config\Cache), false)
#11 C:\xampp7\htdocs\perpus_kabayan\public\index.php(37): CodeIgniter\CodeIgniter->run()
#12 C:\xampp7\htdocs\perpus_kabayan\vendor\codeigniter4\framework\system\Commands\Server\rewrite.php(43): require_once('C:\\xampp7\\htdoc...')
#13 {main}
ERROR - 2022-09-29 01:39:34 --> Unknown column 'status_pinjaman' in 'field list'
CRITICAL - 2022-09-29 01:39:34 --> Unknown column 'status_pinjaman' in 'field list'
#0 C:\xampp7\htdocs\perpus_kabayan\vendor\codeigniter4\framework\system\Database\MySQLi\Connection.php(292): mysqli->query('SELECT `status_...', 0)
#1 C:\xampp7\htdocs\perpus_kabayan\vendor\codeigniter4\framework\system\Database\BaseConnection.php(670): CodeIgniter\Database\MySQLi\Connection->execute('SELECT `status_...')
#2 C:\xampp7\htdocs\perpus_kabayan\vendor\codeigniter4\framework\system\Database\BaseConnection.php(598): CodeIgniter\Database\BaseConnection->simpleQuery('SELECT `status_...')
#3 C:\xampp7\htdocs\perpus_kabayan\vendor\codeigniter4\framework\system\Database\BaseBuilder.php(1443): CodeIgniter\Database\BaseConnection->query('SELECT `status_...', Array, false)
#4 C:\xampp7\htdocs\perpus_kabayan\vendor\codeigniter4\framework\system\Model.php(183): CodeIgniter\Database\BaseBuilder->get()
#5 C:\xampp7\htdocs\perpus_kabayan\vendor\codeigniter4\framework\system\BaseModel.php(584): CodeIgniter\Model->doFindAll(0, 0)
#6 C:\xampp7\htdocs\perpus_kabayan\app\Models\PinjamanDetailModel.php(62): CodeIgniter\BaseModel->findAll()
#7 C:\xampp7\htdocs\perpus_kabayan\app\Controllers\PinjamanDetail.php(108): App\Models\PinjamanDetailModel->getStatus('2')
#8 C:\xampp7\htdocs\perpus_kabayan\vendor\codeigniter4\framework\system\CodeIgniter.php(824): App\Controllers\PinjamanDetail->update('2')
#9 C:\xampp7\htdocs\perpus_kabayan\vendor\codeigniter4\framework\system\CodeIgniter.php(410): CodeIgniter\CodeIgniter->runController(Object(App\Controllers\PinjamanDetail))
#10 C:\xampp7\htdocs\perpus_kabayan\vendor\codeigniter4\framework\system\CodeIgniter.php(318): CodeIgniter\CodeIgniter->handleRequest(NULL, Object(Config\Cache), false)
#11 C:\xampp7\htdocs\perpus_kabayan\public\index.php(37): CodeIgniter\CodeIgniter->run()
#12 C:\xampp7\htdocs\perpus_kabayan\vendor\codeigniter4\framework\system\Commands\Server\rewrite.php(43): require_once('C:\\xampp7\\htdoc...')
#13 {main}
ERROR - 2022-09-29 01:40:04 --> Unknown column 'status_pinjaman' in 'field list'
CRITICAL - 2022-09-29 01:40:04 --> Unknown column 'status_pinjaman' in 'field list'
#0 C:\xampp7\htdocs\perpus_kabayan\vendor\codeigniter4\framework\system\Database\MySQLi\Connection.php(292): mysqli->query('SELECT `status_...', 0)
#1 C:\xampp7\htdocs\perpus_kabayan\vendor\codeigniter4\framework\system\Database\BaseConnection.php(670): CodeIgniter\Database\MySQLi\Connection->execute('SELECT `status_...')
#2 C:\xampp7\htdocs\perpus_kabayan\vendor\codeigniter4\framework\system\Database\BaseConnection.php(598): CodeIgniter\Database\BaseConnection->simpleQuery('SELECT `status_...')
#3 C:\xampp7\htdocs\perpus_kabayan\vendor\codeigniter4\framework\system\Database\BaseBuilder.php(1443): CodeIgniter\Database\BaseConnection->query('SELECT `status_...', Array, false)
#4 C:\xampp7\htdocs\perpus_kabayan\vendor\codeigniter4\framework\system\Model.php(183): CodeIgniter\Database\BaseBuilder->get()
#5 C:\xampp7\htdocs\perpus_kabayan\vendor\codeigniter4\framework\system\BaseModel.php(584): CodeIgniter\Model->doFindAll(0, 0)
#6 C:\xampp7\htdocs\perpus_kabayan\app\Models\PinjamanDetailModel.php(62): CodeIgniter\BaseModel->findAll()
#7 C:\xampp7\htdocs\perpus_kabayan\app\Controllers\PinjamanDetail.php(108): App\Models\PinjamanDetailModel->getStatus('2')
#8 C:\xampp7\htdocs\perpus_kabayan\vendor\codeigniter4\framework\system\CodeIgniter.php(824): App\Controllers\PinjamanDetail->update('2')
#9 C:\xampp7\htdocs\perpus_kabayan\vendor\codeigniter4\framework\system\CodeIgniter.php(410): CodeIgniter\CodeIgniter->runController(Object(App\Controllers\PinjamanDetail))
#10 C:\xampp7\htdocs\perpus_kabayan\vendor\codeigniter4\framework\system\CodeIgniter.php(318): CodeIgniter\CodeIgniter->handleRequest(NULL, Object(Config\Cache), false)
#11 C:\xampp7\htdocs\perpus_kabayan\public\index.php(37): CodeIgniter\CodeIgniter->run()
#12 C:\xampp7\htdocs\perpus_kabayan\vendor\codeigniter4\framework\system\Commands\Server\rewrite.php(43): require_once('C:\\xampp7\\htdoc...')
#13 {main}
ERROR - 2022-09-29 01:40:11 --> Unknown column 'status_pinjaman' in 'field list'
CRITICAL - 2022-09-29 01:40:11 --> Unknown column 'status_pinjaman' in 'field list'
#0 C:\xampp7\htdocs\perpus_kabayan\vendor\codeigniter4\framework\system\Database\MySQLi\Connection.php(292): mysqli->query('SELECT `status_...', 0)
#1 C:\xampp7\htdocs\perpus_kabayan\vendor\codeigniter4\framework\system\Database\BaseConnection.php(670): CodeIgniter\Database\MySQLi\Connection->execute('SELECT `status_...')
#2 C:\xampp7\htdocs\perpus_kabayan\vendor\codeigniter4\framework\system\Database\BaseConnection.php(598): CodeIgniter\Database\BaseConnection->simpleQuery('SELECT `status_...')
#3 C:\xampp7\htdocs\perpus_kabayan\vendor\codeigniter4\framework\system\Database\BaseBuilder.php(1443): CodeIgniter\Database\BaseConnection->query('SELECT `status_...', Array, false)
#4 C:\xampp7\htdocs\perpus_kabayan\vendor\codeigniter4\framework\system\Model.php(183): CodeIgniter\Database\BaseBuilder->get()
#5 C:\xampp7\htdocs\perpus_kabayan\vendor\codeigniter4\framework\system\BaseModel.php(584): CodeIgniter\Model->doFindAll(0, 0)
#6 C:\xampp7\htdocs\perpus_kabayan\app\Models\PinjamanDetailModel.php(62): CodeIgniter\BaseModel->findAll()
#7 C:\xampp7\htdocs\perpus_kabayan\app\Controllers\PinjamanDetail.php(108): App\Models\PinjamanDetailModel->getStatus('2')
#8 C:\xampp7\htdocs\perpus_kabayan\vendor\codeigniter4\framework\system\CodeIgniter.php(824): App\Controllers\PinjamanDetail->update('2')
#9 C:\xampp7\htdocs\perpus_kabayan\vendor\codeigniter4\framework\system\CodeIgniter.php(410): CodeIgniter\CodeIgniter->runController(Object(App\Controllers\PinjamanDetail))
#10 C:\xampp7\htdocs\perpus_kabayan\vendor\codeigniter4\framework\system\CodeIgniter.php(318): CodeIgniter\CodeIgniter->handleRequest(NULL, Object(Config\Cache), false)
#11 C:\xampp7\htdocs\perpus_kabayan\public\index.php(37): CodeIgniter\CodeIgniter->run()
#12 C:\xampp7\htdocs\perpus_kabayan\vendor\codeigniter4\framework\system\Commands\Server\rewrite.php(43): require_once('C:\\xampp7\\htdoc...')
#13 {main}
ERROR - 2022-09-29 01:40:42 --> Unknown column 'status_pinjaman' in 'field list'
CRITICAL - 2022-09-29 01:40:42 --> Unknown column 'status_pinjaman' in 'field list'
#0 C:\xampp7\htdocs\perpus_kabayan\vendor\codeigniter4\framework\system\Database\MySQLi\Connection.php(292): mysqli->query('SELECT `status_...', 0)
#1 C:\xampp7\htdocs\perpus_kabayan\vendor\codeigniter4\framework\system\Database\BaseConnection.php(670): CodeIgniter\Database\MySQLi\Connection->execute('SELECT `status_...')
#2 C:\xampp7\htdocs\perpus_kabayan\vendor\codeigniter4\framework\system\Database\BaseConnection.php(598): CodeIgniter\Database\BaseConnection->simpleQuery('SELECT `status_...')
#3 C:\xampp7\htdocs\perpus_kabayan\vendor\codeigniter4\framework\system\Database\BaseBuilder.php(1443): CodeIgniter\Database\BaseConnection->query('SELECT `status_...', Array, false)
#4 C:\xampp7\htdocs\perpus_kabayan\vendor\codeigniter4\framework\system\Model.php(183): CodeIgniter\Database\BaseBuilder->get()
#5 C:\xampp7\htdocs\perpus_kabayan\vendor\codeigniter4\framework\system\BaseModel.php(584): CodeIgniter\Model->doFindAll(0, 0)
#6 C:\xampp7\htdocs\perpus_kabayan\app\Models\PinjamanDetailModel.php(62): CodeIgniter\BaseModel->findAll()
#7 C:\xampp7\htdocs\perpus_kabayan\app\Controllers\PinjamanDetail.php(108): App\Models\PinjamanDetailModel->getStatus('2')
#8 C:\xampp7\htdocs\perpus_kabayan\vendor\codeigniter4\framework\system\CodeIgniter.php(824): App\Controllers\PinjamanDetail->update('2')
#9 C:\xampp7\htdocs\perpus_kabayan\vendor\codeigniter4\framework\system\CodeIgniter.php(410): CodeIgniter\CodeIgniter->runController(Object(App\Controllers\PinjamanDetail))
#10 C:\xampp7\htdocs\perpus_kabayan\vendor\codeigniter4\framework\system\CodeIgniter.php(318): CodeIgniter\CodeIgniter->handleRequest(NULL, Object(Config\Cache), false)
#11 C:\xampp7\htdocs\perpus_kabayan\public\index.php(37): CodeIgniter\CodeIgniter->run()
#12 C:\xampp7\htdocs\perpus_kabayan\vendor\codeigniter4\framework\system\Commands\Server\rewrite.php(43): require_once('C:\\xampp7\\htdoc...')
#13 {main}
ERROR - 2022-09-29 01:41:08 --> Unknown column 'status_pinjaman' in 'field list'
CRITICAL - 2022-09-29 01:41:08 --> Unknown column 'status_pinjaman' in 'field list'
#0 C:\xampp7\htdocs\perpus_kabayan\vendor\codeigniter4\framework\system\Database\MySQLi\Connection.php(292): mysqli->query('SELECT `status_...', 0)
#1 C:\xampp7\htdocs\perpus_kabayan\vendor\codeigniter4\framework\system\Database\BaseConnection.php(670): CodeIgniter\Database\MySQLi\Connection->execute('SELECT `status_...')
#2 C:\xampp7\htdocs\perpus_kabayan\vendor\codeigniter4\framework\system\Database\BaseConnection.php(598): CodeIgniter\Database\BaseConnection->simpleQuery('SELECT `status_...')
#3 C:\xampp7\htdocs\perpus_kabayan\vendor\codeigniter4\framework\system\Database\BaseBuilder.php(1443): CodeIgniter\Database\BaseConnection->query('SELECT `status_...', Array, false)
#4 C:\xampp7\htdocs\perpus_kabayan\vendor\codeigniter4\framework\system\Model.php(183): CodeIgniter\Database\BaseBuilder->get()
#5 C:\xampp7\htdocs\perpus_kabayan\vendor\codeigniter4\framework\system\BaseModel.php(584): CodeIgniter\Model->doFindAll(0, 0)
#6 C:\xampp7\htdocs\perpus_kabayan\app\Models\PinjamanDetailModel.php(62): CodeIgniter\BaseModel->findAll()
#7 C:\xampp7\htdocs\perpus_kabayan\app\Controllers\PinjamanDetail.php(108): App\Models\PinjamanDetailModel->getStatus('2')
#8 C:\xampp7\htdocs\perpus_kabayan\vendor\codeigniter4\framework\system\CodeIgniter.php(824): App\Controllers\PinjamanDetail->update('2')
#9 C:\xampp7\htdocs\perpus_kabayan\vendor\codeigniter4\framework\system\CodeIgniter.php(410): CodeIgniter\CodeIgniter->runController(Object(App\Controllers\PinjamanDetail))
#10 C:\xampp7\htdocs\perpus_kabayan\vendor\codeigniter4\framework\system\CodeIgniter.php(318): CodeIgniter\CodeIgniter->handleRequest(NULL, Object(Config\Cache), false)
#11 C:\xampp7\htdocs\perpus_kabayan\public\index.php(37): CodeIgniter\CodeIgniter->run()
#12 C:\xampp7\htdocs\perpus_kabayan\vendor\codeigniter4\framework\system\Commands\Server\rewrite.php(43): require_once('C:\\xampp7\\htdoc...')
#13 {main}
ERROR - 2022-09-29 01:41:30 --> Unknown column 'status_pinjaman' in 'field list'
CRITICAL - 2022-09-29 01:41:30 --> Unknown column 'status_pinjaman' in 'field list'
#0 C:\xampp7\htdocs\perpus_kabayan\vendor\codeigniter4\framework\system\Database\MySQLi\Connection.php(292): mysqli->query('SELECT `status_...', 0)
#1 C:\xampp7\htdocs\perpus_kabayan\vendor\codeigniter4\framework\system\Database\BaseConnection.php(670): CodeIgniter\Database\MySQLi\Connection->execute('SELECT `status_...')
#2 C:\xampp7\htdocs\perpus_kabayan\vendor\codeigniter4\framework\system\Database\BaseConnection.php(598): CodeIgniter\Database\BaseConnection->simpleQuery('SELECT `status_...')
#3 C:\xampp7\htdocs\perpus_kabayan\vendor\codeigniter4\framework\system\Database\BaseBuilder.php(1443): CodeIgniter\Database\BaseConnection->query('SELECT `status_...', Array, false)
#4 C:\xampp7\htdocs\perpus_kabayan\vendor\codeigniter4\framework\system\Model.php(183): CodeIgniter\Database\BaseBuilder->get()
#5 C:\xampp7\htdocs\perpus_kabayan\vendor\codeigniter4\framework\system\BaseModel.php(584): CodeIgniter\Model->doFindAll(0, 0)
#6 C:\xampp7\htdocs\perpus_kabayan\app\Models\PinjamanDetailModel.php(62): CodeIgniter\BaseModel->findAll()
#7 C:\xampp7\htdocs\perpus_kabayan\app\Controllers\PinjamanDetail.php(108): App\Models\PinjamanDetailModel->getStatus('2')
#8 C:\xampp7\htdocs\perpus_kabayan\vendor\codeigniter4\framework\system\CodeIgniter.php(824): App\Controllers\PinjamanDetail->update('2')
#9 C:\xampp7\htdocs\perpus_kabayan\vendor\codeigniter4\framework\system\CodeIgniter.php(410): CodeIgniter\CodeIgniter->runController(Object(App\Controllers\PinjamanDetail))
#10 C:\xampp7\htdocs\perpus_kabayan\vendor\codeigniter4\framework\system\CodeIgniter.php(318): CodeIgniter\CodeIgniter->handleRequest(NULL, Object(Config\Cache), false)
#11 C:\xampp7\htdocs\perpus_kabayan\public\index.php(37): CodeIgniter\CodeIgniter->run()
#12 C:\xampp7\htdocs\perpus_kabayan\vendor\codeigniter4\framework\system\Commands\Server\rewrite.php(43): require_once('C:\\xampp7\\htdoc...')
#13 {main}
ERROR - 2022-09-29 01:41:35 --> Unknown column 'status_pinjaman' in 'field list'
CRITICAL - 2022-09-29 01:41:35 --> Unknown column 'status_pinjaman' in 'field list'
#0 C:\xampp7\htdocs\perpus_kabayan\vendor\codeigniter4\framework\system\Database\MySQLi\Connection.php(292): mysqli->query('SELECT `status_...', 0)
#1 C:\xampp7\htdocs\perpus_kabayan\vendor\codeigniter4\framework\system\Database\BaseConnection.php(670): CodeIgniter\Database\MySQLi\Connection->execute('SELECT `status_...')
#2 C:\xampp7\htdocs\perpus_kabayan\vendor\codeigniter4\framework\system\Database\BaseConnection.php(598): CodeIgniter\Database\BaseConnection->simpleQuery('SELECT `status_...')
#3 C:\xampp7\htdocs\perpus_kabayan\vendor\codeigniter4\framework\system\Database\BaseBuilder.php(1443): CodeIgniter\Database\BaseConnection->query('SELECT `status_...', Array, false)
#4 C:\xampp7\htdocs\perpus_kabayan\vendor\codeigniter4\framework\system\Model.php(183): CodeIgniter\Database\BaseBuilder->get()
#5 C:\xampp7\htdocs\perpus_kabayan\vendor\codeigniter4\framework\system\BaseModel.php(584): CodeIgniter\Model->doFindAll(0, 0)
#6 C:\xampp7\htdocs\perpus_kabayan\app\Models\PinjamanDetailModel.php(62): CodeIgniter\BaseModel->findAll()
#7 C:\xampp7\htdocs\perpus_kabayan\app\Controllers\PinjamanDetail.php(108): App\Models\PinjamanDetailModel->getStatus('2')
#8 C:\xampp7\htdocs\perpus_kabayan\vendor\codeigniter4\framework\system\CodeIgniter.php(824): App\Controllers\PinjamanDetail->update('2')
#9 C:\xampp7\htdocs\perpus_kabayan\vendor\codeigniter4\framework\system\CodeIgniter.php(410): CodeIgniter\CodeIgniter->runController(Object(App\Controllers\PinjamanDetail))
#10 C:\xampp7\htdocs\perpus_kabayan\vendor\codeigniter4\framework\system\CodeIgniter.php(318): CodeIgniter\CodeIgniter->handleRequest(NULL, Object(Config\Cache), false)
#11 C:\xampp7\htdocs\perpus_kabayan\public\index.php(37): CodeIgniter\CodeIgniter->run()
#12 C:\xampp7\htdocs\perpus_kabayan\vendor\codeigniter4\framework\system\Commands\Server\rewrite.php(43): require_once('C:\\xampp7\\htdoc...')
#13 {main}
ERROR - 2022-09-29 01:42:35 --> Unknown column 'status_pinjaman' in 'field list'
CRITICAL - 2022-09-29 01:42:35 --> Unknown column 'status_pinjaman' in 'field list'
#0 C:\xampp7\htdocs\perpus_kabayan\vendor\codeigniter4\framework\system\Database\MySQLi\Connection.php(292): mysqli->query('SELECT `status_...', 0)
#1 C:\xampp7\htdocs\perpus_kabayan\vendor\codeigniter4\framework\system\Database\BaseConnection.php(670): CodeIgniter\Database\MySQLi\Connection->execute('SELECT `status_...')
#2 C:\xampp7\htdocs\perpus_kabayan\vendor\codeigniter4\framework\system\Database\BaseConnection.php(598): CodeIgniter\Database\BaseConnection->simpleQuery('SELECT `status_...')
#3 C:\xampp7\htdocs\perpus_kabayan\vendor\codeigniter4\framework\system\Database\BaseBuilder.php(1443): CodeIgniter\Database\BaseConnection->query('SELECT `status_...', Array, false)
#4 C:\xampp7\htdocs\perpus_kabayan\vendor\codeigniter4\framework\system\Model.php(183): CodeIgniter\Database\BaseBuilder->get()
#5 C:\xampp7\htdocs\perpus_kabayan\vendor\codeigniter4\framework\system\BaseModel.php(584): CodeIgniter\Model->doFindAll(0, 0)
#6 C:\xampp7\htdocs\perpus_kabayan\app\Models\PinjamanDetailModel.php(62): CodeIgniter\BaseModel->findAll()
#7 C:\xampp7\htdocs\perpus_kabayan\app\Controllers\PinjamanDetail.php(108): App\Models\PinjamanDetailModel->getStatus('2')
#8 C:\xampp7\htdocs\perpus_kabayan\vendor\codeigniter4\framework\system\CodeIgniter.php(824): App\Controllers\PinjamanDetail->update('2')
#9 C:\xampp7\htdocs\perpus_kabayan\vendor\codeigniter4\framework\system\CodeIgniter.php(410): CodeIgniter\CodeIgniter->runController(Object(App\Controllers\PinjamanDetail))
#10 C:\xampp7\htdocs\perpus_kabayan\vendor\codeigniter4\framework\system\CodeIgniter.php(318): CodeIgniter\CodeIgniter->handleRequest(NULL, Object(Config\Cache), false)
#11 C:\xampp7\htdocs\perpus_kabayan\public\index.php(37): CodeIgniter\CodeIgniter->run()
#12 C:\xampp7\htdocs\perpus_kabayan\vendor\codeigniter4\framework\system\Commands\Server\rewrite.php(43): require_once('C:\\xampp7\\htdoc...')
#13 {main}
ERROR - 2022-09-29 01:42:41 --> Unknown column 'status_pinjaman' in 'field list'
CRITICAL - 2022-09-29 01:42:41 --> Unknown column 'status_pinjaman' in 'field list'
#0 C:\xampp7\htdocs\perpus_kabayan\vendor\codeigniter4\framework\system\Database\MySQLi\Connection.php(292): mysqli->query('SELECT `status_...', 0)
#1 C:\xampp7\htdocs\perpus_kabayan\vendor\codeigniter4\framework\system\Database\BaseConnection.php(670): CodeIgniter\Database\MySQLi\Connection->execute('SELECT `status_...')
#2 C:\xampp7\htdocs\perpus_kabayan\vendor\codeigniter4\framework\system\Database\BaseConnection.php(598): CodeIgniter\Database\BaseConnection->simpleQuery('SELECT `status_...')
#3 C:\xampp7\htdocs\perpus_kabayan\vendor\codeigniter4\framework\system\Database\BaseBuilder.php(1443): CodeIgniter\Database\BaseConnection->query('SELECT `status_...', Array, false)
#4 C:\xampp7\htdocs\perpus_kabayan\vendor\codeigniter4\framework\system\Model.php(183): CodeIgniter\Database\BaseBuilder->get()
#5 C:\xampp7\htdocs\perpus_kabayan\vendor\codeigniter4\framework\system\BaseModel.php(584): CodeIgniter\Model->doFindAll(0, 0)
#6 C:\xampp7\htdocs\perpus_kabayan\app\Models\PinjamanDetailModel.php(62): CodeIgniter\BaseModel->findAll()
#7 C:\xampp7\htdocs\perpus_kabayan\app\Controllers\PinjamanDetail.php(108): App\Models\PinjamanDetailModel->getStatus('2')
#8 C:\xampp7\htdocs\perpus_kabayan\vendor\codeigniter4\framework\system\CodeIgniter.php(824): App\Controllers\PinjamanDetail->update('2')
#9 C:\xampp7\htdocs\perpus_kabayan\vendor\codeigniter4\framework\system\CodeIgniter.php(410): CodeIgniter\CodeIgniter->runController(Object(App\Controllers\PinjamanDetail))
#10 C:\xampp7\htdocs\perpus_kabayan\vendor\codeigniter4\framework\system\CodeIgniter.php(318): CodeIgniter\CodeIgniter->handleRequest(NULL, Object(Config\Cache), false)
#11 C:\xampp7\htdocs\perpus_kabayan\public\index.php(37): CodeIgniter\CodeIgniter->run()
#12 C:\xampp7\htdocs\perpus_kabayan\vendor\codeigniter4\framework\system\Commands\Server\rewrite.php(43): require_once('C:\\xampp7\\htdoc...')
#13 {main}
ERROR - 2022-09-29 01:43:44 --> Unknown column 'status_pinjaman' in 'field list'
CRITICAL - 2022-09-29 01:43:44 --> Unknown column 'status_pinjaman' in 'field list'
#0 C:\xampp7\htdocs\perpus_kabayan\vendor\codeigniter4\framework\system\Database\MySQLi\Connection.php(292): mysqli->query('SELECT `status_...', 0)
#1 C:\xampp7\htdocs\perpus_kabayan\vendor\codeigniter4\framework\system\Database\BaseConnection.php(670): CodeIgniter\Database\MySQLi\Connection->execute('SELECT `status_...')
#2 C:\xampp7\htdocs\perpus_kabayan\vendor\codeigniter4\framework\system\Database\BaseConnection.php(598): CodeIgniter\Database\BaseConnection->simpleQuery('SELECT `status_...')
#3 C:\xampp7\htdocs\perpus_kabayan\vendor\codeigniter4\framework\system\Database\BaseBuilder.php(1443): CodeIgniter\Database\BaseConnection->query('SELECT `status_...', Array, false)
#4 C:\xampp7\htdocs\perpus_kabayan\vendor\codeigniter4\framework\system\Model.php(183): CodeIgniter\Database\BaseBuilder->get()
#5 C:\xampp7\htdocs\perpus_kabayan\vendor\codeigniter4\framework\system\BaseModel.php(584): CodeIgniter\Model->doFindAll(0, 0)
#6 C:\xampp7\htdocs\perpus_kabayan\app\Models\PinjamanDetailModel.php(62): CodeIgniter\BaseModel->findAll()
#7 C:\xampp7\htdocs\perpus_kabayan\app\Controllers\PinjamanDetail.php(108): App\Models\PinjamanDetailModel->getStatus('2')
#8 C:\xampp7\htdocs\perpus_kabayan\vendor\codeigniter4\framework\system\CodeIgniter.php(824): App\Controllers\PinjamanDetail->update('2')
#9 C:\xampp7\htdocs\perpus_kabayan\vendor\codeigniter4\framework\system\CodeIgniter.php(410): CodeIgniter\CodeIgniter->runController(Object(App\Controllers\PinjamanDetail))
#10 C:\xampp7\htdocs\perpus_kabayan\vendor\codeigniter4\framework\system\CodeIgniter.php(318): CodeIgniter\CodeIgniter->handleRequest(NULL, Object(Config\Cache), false)
#11 C:\xampp7\htdocs\perpus_kabayan\public\index.php(37): CodeIgniter\CodeIgniter->run()
#12 C:\xampp7\htdocs\perpus_kabayan\vendor\codeigniter4\framework\system\Commands\Server\rewrite.php(43): require_once('C:\\xampp7\\htdoc...')
#13 {main}
ERROR - 2022-09-29 01:44:04 --> Unknown column 'status_pinjaman' in 'field list'
CRITICAL - 2022-09-29 01:44:04 --> Unknown column 'status_pinjaman' in 'field list'
#0 C:\xampp7\htdocs\perpus_kabayan\vendor\codeigniter4\framework\system\Database\MySQLi\Connection.php(292): mysqli->query('SELECT `status_...', 0)
#1 C:\xampp7\htdocs\perpus_kabayan\vendor\codeigniter4\framework\system\Database\BaseConnection.php(670): CodeIgniter\Database\MySQLi\Connection->execute('SELECT `status_...')
#2 C:\xampp7\htdocs\perpus_kabayan\vendor\codeigniter4\framework\system\Database\BaseConnection.php(598): CodeIgniter\Database\BaseConnection->simpleQuery('SELECT `status_...')
#3 C:\xampp7\htdocs\perpus_kabayan\vendor\codeigniter4\framework\system\Database\BaseBuilder.php(1443): CodeIgniter\Database\BaseConnection->query('SELECT `status_...', Array, false)
#4 C:\xampp7\htdocs\perpus_kabayan\vendor\codeigniter4\framework\system\Model.php(183): CodeIgniter\Database\BaseBuilder->get()
#5 C:\xampp7\htdocs\perpus_kabayan\vendor\codeigniter4\framework\system\BaseModel.php(584): CodeIgniter\Model->doFindAll(0, 0)
#6 C:\xampp7\htdocs\perpus_kabayan\app\Models\PinjamanDetailModel.php(62): CodeIgniter\BaseModel->findAll()
#7 C:\xampp7\htdocs\perpus_kabayan\app\Controllers\PinjamanDetail.php(108): App\Models\PinjamanDetailModel->getStatus('1')
#8 C:\xampp7\htdocs\perpus_kabayan\vendor\codeigniter4\framework\system\CodeIgniter.php(824): App\Controllers\PinjamanDetail->update('2')
#9 C:\xampp7\htdocs\perpus_kabayan\vendor\codeigniter4\framework\system\CodeIgniter.php(410): CodeIgniter\CodeIgniter->runController(Object(App\Controllers\PinjamanDetail))
#10 C:\xampp7\htdocs\perpus_kabayan\vendor\codeigniter4\framework\system\CodeIgniter.php(318): CodeIgniter\CodeIgniter->handleRequest(NULL, Object(Config\Cache), false)
#11 C:\xampp7\htdocs\perpus_kabayan\public\index.php(37): CodeIgniter\CodeIgniter->run()
#12 C:\xampp7\htdocs\perpus_kabayan\vendor\codeigniter4\framework\system\Commands\Server\rewrite.php(43): require_once('C:\\xampp7\\htdoc...')
#13 {main}
ERROR - 2022-09-29 01:44:14 --> Unknown column 'status_pinjaman' in 'field list'
CRITICAL - 2022-09-29 01:44:14 --> Unknown column 'status_pinjaman' in 'field list'
#0 C:\xampp7\htdocs\perpus_kabayan\vendor\codeigniter4\framework\system\Database\MySQLi\Connection.php(292): mysqli->query('SELECT `status_...', 0)
#1 C:\xampp7\htdocs\perpus_kabayan\vendor\codeigniter4\framework\system\Database\BaseConnection.php(670): CodeIgniter\Database\MySQLi\Connection->execute('SELECT `status_...')
#2 C:\xampp7\htdocs\perpus_kabayan\vendor\codeigniter4\framework\system\Database\BaseConnection.php(598): CodeIgniter\Database\BaseConnection->simpleQuery('SELECT `status_...')
#3 C:\xampp7\htdocs\perpus_kabayan\vendor\codeigniter4\framework\system\Database\BaseBuilder.php(1443): CodeIgniter\Database\BaseConnection->query('SELECT `status_...', Array, false)
#4 C:\xampp7\htdocs\perpus_kabayan\vendor\codeigniter4\framework\system\Model.php(183): CodeIgniter\Database\BaseBuilder->get()
#5 C:\xampp7\htdocs\perpus_kabayan\vendor\codeigniter4\framework\system\BaseModel.php(584): CodeIgniter\Model->doFindAll(0, 0)
#6 C:\xampp7\htdocs\perpus_kabayan\app\Models\PinjamanDetailModel.php(62): CodeIgniter\BaseModel->findAll()
#7 C:\xampp7\htdocs\perpus_kabayan\app\Controllers\PinjamanDetail.php(108): App\Models\PinjamanDetailModel->getStatus('1')
#8 C:\xampp7\htdocs\perpus_kabayan\vendor\codeigniter4\framework\system\CodeIgniter.php(824): App\Controllers\PinjamanDetail->update('2')
#9 C:\xampp7\htdocs\perpus_kabayan\vendor\codeigniter4\framework\system\CodeIgniter.php(410): CodeIgniter\CodeIgniter->runController(Object(App\Controllers\PinjamanDetail))
#10 C:\xampp7\htdocs\perpus_kabayan\vendor\codeigniter4\framework\system\CodeIgniter.php(318): CodeIgniter\CodeIgniter->handleRequest(NULL, Object(Config\Cache), false)
#11 C:\xampp7\htdocs\perpus_kabayan\public\index.php(37): CodeIgniter\CodeIgniter->run()
#12 C:\xampp7\htdocs\perpus_kabayan\vendor\codeigniter4\framework\system\Commands\Server\rewrite.php(43): require_once('C:\\xampp7\\htdoc...')
#13 {main}
CRITICAL - 2022-09-29 01:51:20 --> Invalid file: /PinjamanDetail/ubah.php
#0 C:\xampp7\htdocs\perpus_kabayan\vendor\codeigniter4\framework\system\View\View.php(198): CodeIgniter\Exceptions\FrameworkException::forInvalidFile('/PinjamanDetail...')
#1 C:\xampp7\htdocs\perpus_kabayan\vendor\codeigniter4\framework\system\Common.php(1097): CodeIgniter\View\View->render('/PinjamanDetail...', Array, true)
#2 C:\xampp7\htdocs\perpus_kabayan\app\Controllers\PinjamanDetail.php(88): view('/PinjamanDetail...', Array)
#3 C:\xampp7\htdocs\perpus_kabayan\vendor\codeigniter4\framework\system\CodeIgniter.php(824): App\Controllers\PinjamanDetail->edit('2')
#4 C:\xampp7\htdocs\perpus_kabayan\vendor\codeigniter4\framework\system\CodeIgniter.php(410): CodeIgniter\CodeIgniter->runController(Object(App\Controllers\PinjamanDetail))
#5 C:\xampp7\htdocs\perpus_kabayan\vendor\codeigniter4\framework\system\CodeIgniter.php(318): CodeIgniter\CodeIgniter->handleRequest(NULL, Object(Config\Cache), false)
#6 C:\xampp7\htdocs\perpus_kabayan\public\index.php(37): CodeIgniter\CodeIgniter->run()
#7 C:\xampp7\htdocs\perpus_kabayan\vendor\codeigniter4\framework\system\Commands\Server\rewrite.php(43): require_once('C:\\xampp7\\htdoc...')
#8 {main}
CRITICAL - 2022-09-29 01:51:24 --> Invalid file: /PinjamanDetail/ubah.php
#0 C:\xampp7\htdocs\perpus_kabayan\vendor\codeigniter4\framework\system\View\View.php(198): CodeIgniter\Exceptions\FrameworkException::forInvalidFile('/PinjamanDetail...')
#1 C:\xampp7\htdocs\perpus_kabayan\vendor\codeigniter4\framework\system\Common.php(1097): CodeIgniter\View\View->render('/PinjamanDetail...', Array, true)
#2 C:\xampp7\htdocs\perpus_kabayan\app\Controllers\PinjamanDetail.php(88): view('/PinjamanDetail...', Array)
#3 C:\xampp7\htdocs\perpus_kabayan\vendor\codeigniter4\framework\system\CodeIgniter.php(824): App\Controllers\PinjamanDetail->edit('2')
#4 C:\xampp7\htdocs\perpus_kabayan\vendor\codeigniter4\framework\system\CodeIgniter.php(410): CodeIgniter\CodeIgniter->runController(Object(App\Controllers\PinjamanDetail))
#5 C:\xampp7\htdocs\perpus_kabayan\vendor\codeigniter4\framework\system\CodeIgniter.php(318): CodeIgniter\CodeIgniter->handleRequest(NULL, Object(Config\Cache), false)
#6 C:\xampp7\htdocs\perpus_kabayan\public\index.php(37): CodeIgniter\CodeIgniter->run()
#7 C:\xampp7\htdocs\perpus_kabayan\vendor\codeigniter4\framework\system\Commands\Server\rewrite.php(43): require_once('C:\\xampp7\\htdoc...')
#8 {main}
CRITICAL - 2022-09-29 01:51:25 --> Invalid file: PinjamanDetail/index.php
#0 C:\xampp7\htdocs\perpus_kabayan\vendor\codeigniter4\framework\system\View\View.php(198): CodeIgniter\Exceptions\FrameworkException::forInvalidFile('PinjamanDetail/...')
#1 C:\xampp7\htdocs\perpus_kabayan\vendor\codeigniter4\framework\system\Common.php(1097): CodeIgniter\View\View->render('PinjamanDetail/...', Array, true)
#2 C:\xampp7\htdocs\perpus_kabayan\app\Controllers\PinjamanDetail.php(29): view('PinjamanDetail/...', Array)
#3 C:\xampp7\htdocs\perpus_kabayan\vendor\codeigniter4\framework\system\CodeIgniter.php(824): App\Controllers\PinjamanDetail->index('1')
#4 C:\xampp7\htdocs\perpus_kabayan\vendor\codeigniter4\framework\system\CodeIgniter.php(410): CodeIgniter\CodeIgniter->runController(Object(App\Controllers\PinjamanDetail))
#5 C:\xampp7\htdocs\perpus_kabayan\vendor\codeigniter4\framework\system\CodeIgniter.php(318): CodeIgniter\CodeIgniter->handleRequest(NULL, Object(Config\Cache), false)
#6 C:\xampp7\htdocs\perpus_kabayan\public\index.php(37): CodeIgniter\CodeIgniter->run()
#7 C:\xampp7\htdocs\perpus_kabayan\vendor\codeigniter4\framework\system\Commands\Server\rewrite.php(43): require_once('C:\\xampp7\\htdoc...')
#8 {main}
CRITICAL - 2022-09-29 01:51:43 --> Invalid file: PinjamanDetail/index.php
#0 C:\xampp7\htdocs\perpus_kabayan\vendor\codeigniter4\framework\system\View\View.php(198): CodeIgniter\Exceptions\FrameworkException::forInvalidFile('PinjamanDetail/...')
#1 C:\xampp7\htdocs\perpus_kabayan\vendor\codeigniter4\framework\system\Common.php(1097): CodeIgniter\View\View->render('PinjamanDetail/...', Array, true)
#2 C:\xampp7\htdocs\perpus_kabayan\app\Controllers\PinjamanDetail.php(29): view('PinjamanDetail/...', Array)
#3 C:\xampp7\htdocs\perpus_kabayan\vendor\codeigniter4\framework\system\CodeIgniter.php(824): App\Controllers\PinjamanDetail->index('1')
#4 C:\xampp7\htdocs\perpus_kabayan\vendor\codeigniter4\framework\system\CodeIgniter.php(410): CodeIgniter\CodeIgniter->runController(Object(App\Controllers\PinjamanDetail))
#5 C:\xampp7\htdocs\perpus_kabayan\vendor\codeigniter4\framework\system\CodeIgniter.php(318): CodeIgniter\CodeIgniter->handleRequest(NULL, Object(Config\Cache), false)
#6 C:\xampp7\htdocs\perpus_kabayan\public\index.php(37): CodeIgniter\CodeIgniter->run()
#7 C:\xampp7\htdocs\perpus_kabayan\vendor\codeigniter4\framework\system\Commands\Server\rewrite.php(43): require_once('C:\\xampp7\\htdoc...')
#8 {main}
CRITICAL - 2022-09-29 01:51:44 --> Invalid file: PinjamanDetail/index.php
#0 C:\xampp7\htdocs\perpus_kabayan\vendor\codeigniter4\framework\system\View\View.php(198): CodeIgniter\Exceptions\FrameworkException::forInvalidFile('PinjamanDetail/...')
#1 C:\xampp7\htdocs\perpus_kabayan\vendor\codeigniter4\framework\system\Common.php(1097): CodeIgniter\View\View->render('PinjamanDetail/...', Array, true)
#2 C:\xampp7\htdocs\perpus_kabayan\app\Controllers\PinjamanDetail.php(29): view('PinjamanDetail/...', Array)
#3 C:\xampp7\htdocs\perpus_kabayan\vendor\codeigniter4\framework\system\CodeIgniter.php(824): App\Controllers\PinjamanDetail->index('1')
#4 C:\xampp7\htdocs\perpus_kabayan\vendor\codeigniter4\framework\system\CodeIgniter.php(410): CodeIgniter\CodeIgniter->runController(Object(App\Controllers\PinjamanDetail))
#5 C:\xampp7\htdocs\perpus_kabayan\vendor\codeigniter4\framework\system\CodeIgniter.php(318): CodeIgniter\CodeIgniter->handleRequest(NULL, Object(Config\Cache), false)
#6 C:\xampp7\htdocs\perpus_kabayan\public\index.php(37): CodeIgniter\CodeIgniter->run()
#7 C:\xampp7\htdocs\perpus_kabayan\vendor\codeigniter4\framework\system\Commands\Server\rewrite.php(43): require_once('C:\\xampp7\\htdoc...')
#8 {main}
CRITICAL - 2022-09-29 01:51:47 --> Invalid file: /PinjamanDetail/ubah.php
#0 C:\xampp7\htdocs\perpus_kabayan\vendor\codeigniter4\framework\system\View\View.php(198): CodeIgniter\Exceptions\FrameworkException::forInvalidFile('/PinjamanDetail...')
#1 C:\xampp7\htdocs\perpus_kabayan\vendor\codeigniter4\framework\system\Common.php(1097): CodeIgniter\View\View->render('/PinjamanDetail...', Array, true)
#2 C:\xampp7\htdocs\perpus_kabayan\app\Controllers\PinjamanDetail.php(88): view('/PinjamanDetail...', Array)
#3 C:\xampp7\htdocs\perpus_kabayan\vendor\codeigniter4\framework\system\CodeIgniter.php(824): App\Controllers\PinjamanDetail->edit('2')
#4 C:\xampp7\htdocs\perpus_kabayan\vendor\codeigniter4\framework\system\CodeIgniter.php(410): CodeIgniter\CodeIgniter->runController(Object(App\Controllers\PinjamanDetail))
#5 C:\xampp7\htdocs\perpus_kabayan\vendor\codeigniter4\framework\system\CodeIgniter.php(318): CodeIgniter\CodeIgniter->handleRequest(NULL, Object(Config\Cache), false)
#6 C:\xampp7\htdocs\perpus_kabayan\public\index.php(37): CodeIgniter\CodeIgniter->run()
#7 C:\xampp7\htdocs\perpus_kabayan\vendor\codeigniter4\framework\system\Commands\Server\rewrite.php(43): require_once('C:\\xampp7\\htdoc...')
#8 {main}
CRITICAL - 2022-09-29 01:52:03 --> Invalid file: PinjamanDetail/index.php
#0 C:\xampp7\htdocs\perpus_kabayan\vendor\codeigniter4\framework\system\View\View.php(198): CodeIgniter\Exceptions\FrameworkException::forInvalidFile('PinjamanDetail/...')
#1 C:\xampp7\htdocs\perpus_kabayan\vendor\codeigniter4\framework\system\Common.php(1097): CodeIgniter\View\View->render('PinjamanDetail/...', Array, true)
#2 C:\xampp7\htdocs\perpus_kabayan\app\Controllers\PinjamanDetail.php(29): view('PinjamanDetail/...', Array)
#3 C:\xampp7\htdocs\perpus_kabayan\vendor\codeigniter4\framework\system\CodeIgniter.php(824): App\Controllers\PinjamanDetail->index('1')
#4 C:\xampp7\htdocs\perpus_kabayan\vendor\codeigniter4\framework\system\CodeIgniter.php(410): CodeIgniter\CodeIgniter->runController(Object(App\Controllers\PinjamanDetail))
#5 C:\xampp7\htdocs\perpus_kabayan\vendor\codeigniter4\framework\system\CodeIgniter.php(318): CodeIgniter\CodeIgniter->handleRequest(NULL, Object(Config\Cache), false)
#6 C:\xampp7\htdocs\perpus_kabayan\public\index.php(37): CodeIgniter\CodeIgniter->run()
#7 C:\xampp7\htdocs\perpus_kabayan\vendor\codeigniter4\framework\system\Commands\Server\rewrite.php(43): require_once('C:\\xampp7\\htdoc...')
#8 {main}
CRITICAL - 2022-09-29 01:53:41 --> Invalid file: PinjamanDetail/index.php
#0 C:\xampp7\htdocs\perpus_kabayan\vendor\codeigniter4\framework\system\View\View.php(198): CodeIgniter\Exceptions\FrameworkException::forInvalidFile('PinjamanDetail/...')
#1 C:\xampp7\htdocs\perpus_kabayan\vendor\codeigniter4\framework\system\Common.php(1097): CodeIgniter\View\View->render('PinjamanDetail/...', Array, true)
#2 C:\xampp7\htdocs\perpus_kabayan\app\Controllers\PinjamanDetail.php(29): view('PinjamanDetail/...', Array)
#3 C:\xampp7\htdocs\perpus_kabayan\vendor\codeigniter4\framework\system\CodeIgniter.php(824): App\Controllers\PinjamanDetail->index('1')
#4 C:\xampp7\htdocs\perpus_kabayan\vendor\codeigniter4\framework\system\CodeIgniter.php(410): CodeIgniter\CodeIgniter->runController(Object(App\Controllers\PinjamanDetail))
#5 C:\xampp7\htdocs\perpus_kabayan\vendor\codeigniter4\framework\system\CodeIgniter.php(318): CodeIgniter\CodeIgniter->handleRequest(NULL, Object(Config\Cache), false)
#6 C:\xampp7\htdocs\perpus_kabayan\public\index.php(37): CodeIgniter\CodeIgniter->run()
#7 C:\xampp7\htdocs\perpus_kabayan\vendor\codeigniter4\framework\system\Commands\Server\rewrite.php(43): require_once('C:\\xampp7\\htdoc...')
#8 {main}
CRITICAL - 2022-09-29 01:54:38 --> Invalid file: PinjamanDetail/index.php
#0 C:\xampp7\htdocs\perpus_kabayan\vendor\codeigniter4\framework\system\View\View.php(198): CodeIgniter\Exceptions\FrameworkException::forInvalidFile('PinjamanDetail/...')
#1 C:\xampp7\htdocs\perpus_kabayan\vendor\codeigniter4\framework\system\Common.php(1097): CodeIgniter\View\View->render('PinjamanDetail/...', Array, true)
#2 C:\xampp7\htdocs\perpus_kabayan\app\Controllers\PinjamanDetail.php(29): view('PinjamanDetail/...', Array)
#3 C:\xampp7\htdocs\perpus_kabayan\vendor\codeigniter4\framework\system\CodeIgniter.php(824): App\Controllers\PinjamanDetail->index('1')
#4 C:\xampp7\htdocs\perpus_kabayan\vendor\codeigniter4\framework\system\CodeIgniter.php(410): CodeIgniter\CodeIgniter->runController(Object(App\Controllers\PinjamanDetail))
#5 C:\xampp7\htdocs\perpus_kabayan\vendor\codeigniter4\framework\system\CodeIgniter.php(318): CodeIgniter\CodeIgniter->handleRequest(NULL, Object(Config\Cache), false)
#6 C:\xampp7\htdocs\perpus_kabayan\public\index.php(37): CodeIgniter\CodeIgniter->run()
#7 C:\xampp7\htdocs\perpus_kabayan\vendor\codeigniter4\framework\system\Commands\Server\rewrite.php(43): require_once('C:\\xampp7\\htdoc...')
#8 {main}
CRITICAL - 2022-09-29 01:54:43 --> Invalid file: PinjamanDetail/index.php
#0 C:\xampp7\htdocs\perpus_kabayan\vendor\codeigniter4\framework\system\View\View.php(198): CodeIgniter\Exceptions\FrameworkException::forInvalidFile('PinjamanDetail/...')
#1 C:\xampp7\htdocs\perpus_kabayan\vendor\codeigniter4\framework\system\Common.php(1097): CodeIgniter\View\View->render('PinjamanDetail/...', Array, true)
#2 C:\xampp7\htdocs\perpus_kabayan\app\Controllers\PinjamanDetail.php(29): view('PinjamanDetail/...', Array)
#3 C:\xampp7\htdocs\perpus_kabayan\vendor\codeigniter4\framework\system\CodeIgniter.php(824): App\Controllers\PinjamanDetail->index('4')
#4 C:\xampp7\htdocs\perpus_kabayan\vendor\codeigniter4\framework\system\CodeIgniter.php(410): CodeIgniter\CodeIgniter->runController(Object(App\Controllers\PinjamanDetail))
#5 C:\xampp7\htdocs\perpus_kabayan\vendor\codeigniter4\framework\system\CodeIgniter.php(318): CodeIgniter\CodeIgniter->handleRequest(NULL, Object(Config\Cache), false)
#6 C:\xampp7\htdocs\perpus_kabayan\public\index.php(37): CodeIgniter\CodeIgniter->run()
#7 C:\xampp7\htdocs\perpus_kabayan\vendor\codeigniter4\framework\system\Commands\Server\rewrite.php(43): require_once('C:\\xampp7\\htdoc...')
#8 {main}
CRITICAL - 2022-09-29 01:54:48 --> Invalid file: PinjamanDetail/index.php
#0 C:\xampp7\htdocs\perpus_kabayan\vendor\codeigniter4\framework\system\View\View.php(198): CodeIgniter\Exceptions\FrameworkException::forInvalidFile('PinjamanDetail/...')
#1 C:\xampp7\htdocs\perpus_kabayan\vendor\codeigniter4\framework\system\Common.php(1097): CodeIgniter\View\View->render('PinjamanDetail/...', Array, true)
#2 C:\xampp7\htdocs\perpus_kabayan\app\Controllers\PinjamanDetail.php(29): view('PinjamanDetail/...', Array)
#3 C:\xampp7\htdocs\perpus_kabayan\vendor\codeigniter4\framework\system\CodeIgniter.php(824): App\Controllers\PinjamanDetail->index('1')
#4 C:\xampp7\htdocs\perpus_kabayan\vendor\codeigniter4\framework\system\CodeIgniter.php(410): CodeIgniter\CodeIgniter->runController(Object(App\Controllers\PinjamanDetail))
#5 C:\xampp7\htdocs\perpus_kabayan\vendor\codeigniter4\framework\system\CodeIgniter.php(318): CodeIgniter\CodeIgniter->handleRequest(NULL, Object(Config\Cache), false)
#6 C:\xampp7\htdocs\perpus_kabayan\public\index.php(37): CodeIgniter\CodeIgniter->run()
#7 C:\xampp7\htdocs\perpus_kabayan\vendor\codeigniter4\framework\system\Commands\Server\rewrite.php(43): require_once('C:\\xampp7\\htdoc...')
#8 {main}
CRITICAL - 2022-09-29 01:59:24 --> Invalid file: PinjamanDetail/index.php
#0 C:\xampp7\htdocs\perpus_kabayan\vendor\codeigniter4\framework\system\View\View.php(198): CodeIgniter\Exceptions\FrameworkException::forInvalidFile('PinjamanDetail/...')
#1 C:\xampp7\htdocs\perpus_kabayan\vendor\codeigniter4\framework\system\Common.php(1097): CodeIgniter\View\View->render('PinjamanDetail/...', Array, true)
#2 C:\xampp7\htdocs\perpus_kabayan\app\Controllers\PinjamanDetail.php(29): view('PinjamanDetail/...', Array)
#3 C:\xampp7\htdocs\perpus_kabayan\vendor\codeigniter4\framework\system\CodeIgniter.php(824): App\Controllers\PinjamanDetail->index('1')
#4 C:\xampp7\htdocs\perpus_kabayan\vendor\codeigniter4\framework\system\CodeIgniter.php(410): CodeIgniter\CodeIgniter->runController(Object(App\Controllers\PinjamanDetail))
#5 C:\xampp7\htdocs\perpus_kabayan\vendor\codeigniter4\framework\system\CodeIgniter.php(318): CodeIgniter\CodeIgniter->handleRequest(NULL, Object(Config\Cache), false)
#6 C:\xampp7\htdocs\perpus_kabayan\public\index.php(37): CodeIgniter\CodeIgniter->run()
#7 C:\xampp7\htdocs\perpus_kabayan\vendor\codeigniter4\framework\system\Commands\Server\rewrite.php(43): require_once('C:\\xampp7\\htdoc...')
#8 {main}
CRITICAL - 2022-09-29 02:00:52 --> Invalid file: PinjamanDetail/index.php
#0 C:\xampp7\htdocs\perpus_kabayan\vendor\codeigniter4\framework\system\View\View.php(198): CodeIgniter\Exceptions\FrameworkException::forInvalidFile('PinjamanDetail/...')
#1 C:\xampp7\htdocs\perpus_kabayan\vendor\codeigniter4\framework\system\Common.php(1097): CodeIgniter\View\View->render('PinjamanDetail/...', Array, true)
#2 C:\xampp7\htdocs\perpus_kabayan\app\Controllers\PinjamanDetail.php(29): view('PinjamanDetail/...', Array)
#3 C:\xampp7\htdocs\perpus_kabayan\vendor\codeigniter4\framework\system\CodeIgniter.php(824): App\Controllers\PinjamanDetail->index('1')
#4 C:\xampp7\htdocs\perpus_kabayan\vendor\codeigniter4\framework\system\CodeIgniter.php(410): CodeIgniter\CodeIgniter->runController(Object(App\Controllers\PinjamanDetail))
#5 C:\xampp7\htdocs\perpus_kabayan\vendor\codeigniter4\framework\system\CodeIgniter.php(318): CodeIgniter\CodeIgniter->handleRequest(NULL, Object(Config\Cache), false)
#6 C:\xampp7\htdocs\perpus_kabayan\public\index.php(37): CodeIgniter\CodeIgniter->run()
#7 C:\xampp7\htdocs\perpus_kabayan\vendor\codeigniter4\framework\system\Commands\Server\rewrite.php(43): require_once('C:\\xampp7\\htdoc...')
#8 {main}
CRITICAL - 2022-09-29 02:01:59 --> Invalid file: PinjamanDetail/index.php
#0 C:\xampp7\htdocs\perpus_kabayan\vendor\codeigniter4\framework\system\View\View.php(198): CodeIgniter\Exceptions\FrameworkException::forInvalidFile('PinjamanDetail/...')
#1 C:\xampp7\htdocs\perpus_kabayan\vendor\codeigniter4\framework\system\Common.php(1097): CodeIgniter\View\View->render('PinjamanDetail/...', Array, true)
#2 C:\xampp7\htdocs\perpus_kabayan\app\Controllers\PinjamanDetail.php(28): view('PinjamanDetail/...', Array)
#3 C:\xampp7\htdocs\perpus_kabayan\vendor\codeigniter4\framework\system\CodeIgniter.php(824): App\Controllers\PinjamanDetail->index('1')
#4 C:\xampp7\htdocs\perpus_kabayan\vendor\codeigniter4\framework\system\CodeIgniter.php(410): CodeIgniter\CodeIgniter->runController(Object(App\Controllers\PinjamanDetail))
#5 C:\xampp7\htdocs\perpus_kabayan\vendor\codeigniter4\framework\system\CodeIgniter.php(318): CodeIgniter\CodeIgniter->handleRequest(NULL, Object(Config\Cache), false)
#6 C:\xampp7\htdocs\perpus_kabayan\public\index.php(37): CodeIgniter\CodeIgniter->run()
#7 C:\xampp7\htdocs\perpus_kabayan\vendor\codeigniter4\framework\system\Commands\Server\rewrite.php(43): require_once('C:\\xampp7\\htdoc...')
#8 {main}
CRITICAL - 2022-09-29 02:27:37 --> Invalid file: buku/exportword.php
#0 C:\xampp7\htdocs\perpus_kabayan\vendor\codeigniter4\framework\system\View\View.php(198): CodeIgniter\Exceptions\FrameworkException::forInvalidFile('buku/exportword...')
#1 C:\xampp7\htdocs\perpus_kabayan\vendor\codeigniter4\framework\system\Common.php(1097): CodeIgniter\View\View->render('buku/exportword', Array, true)
#2 C:\xampp7\htdocs\perpus_kabayan\app\Controllers\Buku.php(35): view('buku/exportword', Array)
#3 C:\xampp7\htdocs\perpus_kabayan\vendor\codeigniter4\framework\system\CodeIgniter.php(824): App\Controllers\Buku->exportword()
#4 C:\xampp7\htdocs\perpus_kabayan\vendor\codeigniter4\framework\system\CodeIgniter.php(410): CodeIgniter\CodeIgniter->runController(Object(App\Controllers\Buku))
#5 C:\xampp7\htdocs\perpus_kabayan\vendor\codeigniter4\framework\system\CodeIgniter.php(318): CodeIgniter\CodeIgniter->handleRequest(NULL, Object(Config\Cache), false)
#6 C:\xampp7\htdocs\perpus_kabayan\public\index.php(37): CodeIgniter\CodeIgniter->run()
#7 C:\xampp7\htdocs\perpus_kabayan\vendor\codeigniter4\framework\system\Commands\Server\rewrite.php(43): require_once('C:\\xampp7\\htdoc...')
#8 {main}
CRITICAL - 2022-09-29 03:14:00 --> Too few arguments to function App\Controllers\Buku::edit(), 0 passed in C:\xampp7\htdocs\perpus_kabayan\vendor\codeigniter4\framework\system\CodeIgniter.php on line 824 and exactly 1 expected
#0 C:\xampp7\htdocs\perpus_kabayan\vendor\codeigniter4\framework\system\CodeIgniter.php(824): App\Controllers\Buku->edit()
#1 C:\xampp7\htdocs\perpus_kabayan\vendor\codeigniter4\framework\system\CodeIgniter.php(410): CodeIgniter\CodeIgniter->runController(Object(App\Controllers\Buku))
#2 C:\xampp7\htdocs\perpus_kabayan\vendor\codeigniter4\framework\system\CodeIgniter.php(318): CodeIgniter\CodeIgniter->handleRequest(NULL, Object(Config\Cache), false)
#3 C:\xampp7\htdocs\perpus_kabayan\public\index.php(37): CodeIgniter\CodeIgniter->run()
#4 C:\xampp7\htdocs\perpus_kabayan\vendor\codeigniter4\framework\system\Commands\Server\rewrite.php(43): require_once('C:\\xampp7\\htdoc...')
#5 {main}
CRITICAL - 2022-09-29 03:23:40 --> Too few arguments to function App\Controllers\Buku::edit(), 0 passed in C:\xampp7\htdocs\perpus_kabayan\vendor\codeigniter4\framework\system\CodeIgniter.php on line 824 and exactly 1 expected
#0 C:\xampp7\htdocs\perpus_kabayan\vendor\codeigniter4\framework\system\CodeIgniter.php(824): App\Controllers\Buku->edit()
#1 C:\xampp7\htdocs\perpus_kabayan\vendor\codeigniter4\framework\system\CodeIgniter.php(410): CodeIgniter\CodeIgniter->runController(Object(App\Controllers\Buku))
#2 C:\xampp7\htdocs\perpus_kabayan\vendor\codeigniter4\framework\system\CodeIgniter.php(318): CodeIgniter\CodeIgniter->handleRequest(NULL, Object(Config\Cache), false)
#3 C:\xampp7\htdocs\perpus_kabayan\public\index.php(37): CodeIgniter\CodeIgniter->run()
#4 C:\xampp7\htdocs\perpus_kabayan\vendor\codeigniter4\framework\system\Commands\Server\rewrite.php(43): require_once('C:\\xampp7\\htdoc...')
#5 {main}
CRITICAL - 2022-09-29 03:24:46 --> syntax error, unexpected '$this' (T_VARIABLE)
#0 C:\xampp7\htdocs\perpus_kabayan\vendor\codeigniter4\framework\system\Router\Router.php(176): CodeIgniter\Router\Router->autoRoute('buku/edit')
#1 C:\xampp7\htdocs\perpus_kabayan\vendor\codeigniter4\framework\system\CodeIgniter.php(718): CodeIgniter\Router\Router->handle('buku/edit')
#2 C:\xampp7\htdocs\perpus_kabayan\vendor\codeigniter4\framework\system\CodeIgniter.php(359): CodeIgniter\CodeIgniter->tryToRouteIt(Object(CodeIgniter\Router\RouteCollection))
#3 C:\xampp7\htdocs\perpus_kabayan\vendor\codeigniter4\framework\system\CodeIgniter.php(318): CodeIgniter\CodeIgniter->handleRequest(NULL, Object(Config\Cache), false)
#4 C:\xampp7\htdocs\perpus_kabayan\public\index.php(37): CodeIgniter\CodeIgniter->run()
#5 C:\xampp7\htdocs\perpus_kabayan\vendor\codeigniter4\framework\system\Commands\Server\rewrite.php(43): require_once('C:\\xampp7\\htdoc...')
#6 {main}
CRITICAL - 2022-09-29 03:24:55 --> Too few arguments to function App\Controllers\Buku::edit(), 0 passed in C:\xampp7\htdocs\perpus_kabayan\vendor\codeigniter4\framework\system\CodeIgniter.php on line 824 and exactly 1 expected
#0 C:\xampp7\htdocs\perpus_kabayan\vendor\codeigniter4\framework\system\CodeIgniter.php(824): App\Controllers\Buku->edit()
#1 C:\xampp7\htdocs\perpus_kabayan\vendor\codeigniter4\framework\system\CodeIgniter.php(410): CodeIgniter\CodeIgniter->runController(Object(App\Controllers\Buku))
#2 C:\xampp7\htdocs\perpus_kabayan\vendor\codeigniter4\framework\system\CodeIgniter.php(318): CodeIgniter\CodeIgniter->handleRequest(NULL, Object(Config\Cache), false)
#3 C:\xampp7\htdocs\perpus_kabayan\public\index.php(37): CodeIgniter\CodeIgniter->run()
#4 C:\xampp7\htdocs\perpus_kabayan\vendor\codeigniter4\framework\system\Commands\Server\rewrite.php(43): require_once('C:\\xampp7\\htdoc...')
#5 {main}
CRITICAL - 2022-09-29 03:25:11 --> Too few arguments to function App\Controllers\Buku::edit(), 0 passed in C:\xampp7\htdocs\perpus_kabayan\vendor\codeigniter4\framework\system\CodeIgniter.php on line 824 and exactly 1 expected
#0 C:\xampp7\htdocs\perpus_kabayan\vendor\codeigniter4\framework\system\CodeIgniter.php(824): App\Controllers\Buku->edit()
#1 C:\xampp7\htdocs\perpus_kabayan\vendor\codeigniter4\framework\system\CodeIgniter.php(410): CodeIgniter\CodeIgniter->runController(Object(App\Controllers\Buku))
#2 C:\xampp7\htdocs\perpus_kabayan\vendor\codeigniter4\framework\system\CodeIgniter.php(318): CodeIgniter\CodeIgniter->handleRequest(NULL, Object(Config\Cache), false)
#3 C:\xampp7\htdocs\perpus_kabayan\public\index.php(37): CodeIgniter\CodeIgniter->run()
#4 C:\xampp7\htdocs\perpus_kabayan\vendor\codeigniter4\framework\system\Commands\Server\rewrite.php(43): require_once('C:\\xampp7\\htdoc...')
#5 {main}
CRITICAL - 2022-09-29 03:25:14 --> Too few arguments to function App\Controllers\Buku::edit(), 0 passed in C:\xampp7\htdocs\perpus_kabayan\vendor\codeigniter4\framework\system\CodeIgniter.php on line 824 and exactly 1 expected
#0 C:\xampp7\htdocs\perpus_kabayan\vendor\codeigniter4\framework\system\CodeIgniter.php(824): App\Controllers\Buku->edit()
#1 C:\xampp7\htdocs\perpus_kabayan\vendor\codeigniter4\framework\system\CodeIgniter.php(410): CodeIgniter\CodeIgniter->runController(Object(App\Controllers\Buku))
#2 C:\xampp7\htdocs\perpus_kabayan\vendor\codeigniter4\framework\system\CodeIgniter.php(318): CodeIgniter\CodeIgniter->handleRequest(NULL, Object(Config\Cache), false)
#3 C:\xampp7\htdocs\perpus_kabayan\public\index.php(37): CodeIgniter\CodeIgniter->run()
#4 C:\xampp7\htdocs\perpus_kabayan\vendor\codeigniter4\framework\system\Commands\Server\rewrite.php(43): require_once('C:\\xampp7\\htdoc...')
#5 {main}
