CRITICAL - 2021-12-27 03:36:26 --> Undefined property: App\Controllers\SO::$CustomerDetailModel
#0 C:\xampp7\htdocs\warehouse_manggala\app\Controllers\SO.php(112): CodeIgniter\Debug\Exceptions->errorHandler(8, 'Undefined prope...', 'C:\\xampp7\\htdoc...', 112, Array)
#1 C:\xampp7\htdocs\warehouse_manggala\vendor\codeigniter4\framework\system\CodeIgniter.php(824): App\Controllers\SO->getAlamat()
#2 C:\xampp7\htdocs\warehouse_manggala\vendor\codeigniter4\framework\system\CodeIgniter.php(410): CodeIgniter\CodeIgniter->runController(Object(App\Controllers\SO))
#3 C:\xampp7\htdocs\warehouse_manggala\vendor\codeigniter4\framework\system\CodeIgniter.php(318): CodeIgniter\CodeIgniter->handleRequest(NULL, Object(Config\Cache), false)
#4 C:\xampp7\htdocs\warehouse_manggala\public\index.php(37): CodeIgniter\CodeIgniter->run()
#5 C:\xampp7\htdocs\warehouse_manggala\vendor\codeigniter4\framework\system\Commands\Server\rewrite.php(43): require_once('C:\\xampp7\\htdoc...')
#6 {main}
CRITICAL - 2021-12-27 03:36:49 --> Undefined property: App\Controllers\SO::$CustomerDetailModel
#0 C:\xampp7\htdocs\warehouse_manggala\app\Controllers\SO.php(112): CodeIgniter\Debug\Exceptions->errorHandler(8, 'Undefined prope...', 'C:\\xampp7\\htdoc...', 112, Array)
#1 C:\xampp7\htdocs\warehouse_manggala\vendor\codeigniter4\framework\system\CodeIgniter.php(824): App\Controllers\SO->getAlamat()
#2 C:\xampp7\htdocs\warehouse_manggala\vendor\codeigniter4\framework\system\CodeIgniter.php(410): CodeIgniter\CodeIgniter->runController(Object(App\Controllers\SO))
#3 C:\xampp7\htdocs\warehouse_manggala\vendor\codeigniter4\framework\system\CodeIgniter.php(318): CodeIgniter\CodeIgniter->handleRequest(NULL, Object(Config\Cache), false)
#4 C:\xampp7\htdocs\warehouse_manggala\public\index.php(37): CodeIgniter\CodeIgniter->run()
#5 C:\xampp7\htdocs\warehouse_manggala\vendor\codeigniter4\framework\system\Commands\Server\rewrite.php(43): require_once('C:\\xampp7\\htdoc...')
#6 {main}
CRITICAL - 2021-12-27 03:38:52 --> Undefined property: App\Controllers\SO::$CustomerDetailModel
#0 C:\xampp7\htdocs\warehouse_manggala\app\Controllers\SO.php(112): CodeIgniter\Debug\Exceptions->errorHandler(8, 'Undefined prope...', 'C:\\xampp7\\htdoc...', 112, Array)
#1 C:\xampp7\htdocs\warehouse_manggala\vendor\codeigniter4\framework\system\CodeIgniter.php(824): App\Controllers\SO->getAlamat()
#2 C:\xampp7\htdocs\warehouse_manggala\vendor\codeigniter4\framework\system\CodeIgniter.php(410): CodeIgniter\CodeIgniter->runController(Object(App\Controllers\SO))
#3 C:\xampp7\htdocs\warehouse_manggala\vendor\codeigniter4\framework\system\CodeIgniter.php(318): CodeIgniter\CodeIgniter->handleRequest(NULL, Object(Config\Cache), false)
#4 C:\xampp7\htdocs\warehouse_manggala\public\index.php(37): CodeIgniter\CodeIgniter->run()
#5 C:\xampp7\htdocs\warehouse_manggala\vendor\codeigniter4\framework\system\Commands\Server\rewrite.php(43): require_once('C:\\xampp7\\htdoc...')
#6 {main}
CRITICAL - 2021-12-27 03:39:42 --> Undefined property: App\Controllers\SO::$CustomerDetailModel
#0 C:\xampp7\htdocs\warehouse_manggala\app\Controllers\SO.php(112): CodeIgniter\Debug\Exceptions->errorHandler(8, 'Undefined prope...', 'C:\\xampp7\\htdoc...', 112, Array)
#1 C:\xampp7\htdocs\warehouse_manggala\vendor\codeigniter4\framework\system\CodeIgniter.php(824): App\Controllers\SO->getAlamat()
#2 C:\xampp7\htdocs\warehouse_manggala\vendor\codeigniter4\framework\system\CodeIgniter.php(410): CodeIgniter\CodeIgniter->runController(Object(App\Controllers\SO))
#3 C:\xampp7\htdocs\warehouse_manggala\vendor\codeigniter4\framework\system\CodeIgniter.php(318): CodeIgniter\CodeIgniter->handleRequest(NULL, Object(Config\Cache), false)
#4 C:\xampp7\htdocs\warehouse_manggala\public\index.php(37): CodeIgniter\CodeIgniter->run()
#5 C:\xampp7\htdocs\warehouse_manggala\vendor\codeigniter4\framework\system\Commands\Server\rewrite.php(43): require_once('C:\\xampp7\\htdoc...')
#6 {main}
CRITICAL - 2021-12-27 03:43:01 --> Undefined property: App\Controllers\SO::$CustomerDetailModel
#0 C:\xampp7\htdocs\warehouse_manggala\app\Controllers\SO.php(112): CodeIgniter\Debug\Exceptions->errorHandler(8, 'Undefined prope...', 'C:\\xampp7\\htdoc...', 112, Array)
#1 C:\xampp7\htdocs\warehouse_manggala\vendor\codeigniter4\framework\system\CodeIgniter.php(824): App\Controllers\SO->getAlamat()
#2 C:\xampp7\htdocs\warehouse_manggala\vendor\codeigniter4\framework\system\CodeIgniter.php(410): CodeIgniter\CodeIgniter->runController(Object(App\Controllers\SO))
#3 C:\xampp7\htdocs\warehouse_manggala\vendor\codeigniter4\framework\system\CodeIgniter.php(318): CodeIgniter\CodeIgniter->handleRequest(NULL, Object(Config\Cache), false)
#4 C:\xampp7\htdocs\warehouse_manggala\public\index.php(37): CodeIgniter\CodeIgniter->run()
#5 C:\xampp7\htdocs\warehouse_manggala\vendor\codeigniter4\framework\system\Commands\Server\rewrite.php(43): require_once('C:\\xampp7\\htdoc...')
#6 {main}
CRITICAL - 2021-12-27 03:43:21 --> Undefined property: App\Controllers\SO::$CustomerDetailModel
#0 C:\xampp7\htdocs\warehouse_manggala\app\Controllers\SO.php(112): CodeIgniter\Debug\Exceptions->errorHandler(8, 'Undefined prope...', 'C:\\xampp7\\htdoc...', 112, Array)
#1 C:\xampp7\htdocs\warehouse_manggala\vendor\codeigniter4\framework\system\CodeIgniter.php(824): App\Controllers\SO->getAlamat()
#2 C:\xampp7\htdocs\warehouse_manggala\vendor\codeigniter4\framework\system\CodeIgniter.php(410): CodeIgniter\CodeIgniter->runController(Object(App\Controllers\SO))
#3 C:\xampp7\htdocs\warehouse_manggala\vendor\codeigniter4\framework\system\CodeIgniter.php(318): CodeIgniter\CodeIgniter->handleRequest(NULL, Object(Config\Cache), false)
#4 C:\xampp7\htdocs\warehouse_manggala\public\index.php(37): CodeIgniter\CodeIgniter->run()
#5 C:\xampp7\htdocs\warehouse_manggala\vendor\codeigniter4\framework\system\Commands\Server\rewrite.php(43): require_once('C:\\xampp7\\htdoc...')
#6 {main}
CRITICAL - 2021-12-27 03:45:30 --> Undefined property: App\Controllers\SO::$CustomerDetailModel
#0 C:\xampp7\htdocs\warehouse_manggala\app\Controllers\SO.php(112): CodeIgniter\Debug\Exceptions->errorHandler(8, 'Undefined prope...', 'C:\\xampp7\\htdoc...', 112, Array)
#1 C:\xampp7\htdocs\warehouse_manggala\vendor\codeigniter4\framework\system\CodeIgniter.php(824): App\Controllers\SO->getAlamat()
#2 C:\xampp7\htdocs\warehouse_manggala\vendor\codeigniter4\framework\system\CodeIgniter.php(410): CodeIgniter\CodeIgniter->runController(Object(App\Controllers\SO))
#3 C:\xampp7\htdocs\warehouse_manggala\vendor\codeigniter4\framework\system\CodeIgniter.php(318): CodeIgniter\CodeIgniter->handleRequest(NULL, Object(Config\Cache), false)
#4 C:\xampp7\htdocs\warehouse_manggala\public\index.php(37): CodeIgniter\CodeIgniter->run()
#5 C:\xampp7\htdocs\warehouse_manggala\vendor\codeigniter4\framework\system\Commands\Server\rewrite.php(43): require_once('C:\\xampp7\\htdoc...')
#6 {main}
CRITICAL - 2021-12-27 03:47:04 --> Undefined property: App\Controllers\SO::$CustomerDetailModel
#0 C:\xampp7\htdocs\warehouse_manggala\app\Controllers\SO.php(112): CodeIgniter\Debug\Exceptions->errorHandler(8, 'Undefined prope...', 'C:\\xampp7\\htdoc...', 112, Array)
#1 C:\xampp7\htdocs\warehouse_manggala\vendor\codeigniter4\framework\system\CodeIgniter.php(824): App\Controllers\SO->getAlamat()
#2 C:\xampp7\htdocs\warehouse_manggala\vendor\codeigniter4\framework\system\CodeIgniter.php(410): CodeIgniter\CodeIgniter->runController(Object(App\Controllers\SO))
#3 C:\xampp7\htdocs\warehouse_manggala\vendor\codeigniter4\framework\system\CodeIgniter.php(318): CodeIgniter\CodeIgniter->handleRequest(NULL, Object(Config\Cache), false)
#4 C:\xampp7\htdocs\warehouse_manggala\public\index.php(37): CodeIgniter\CodeIgniter->run()
#5 C:\xampp7\htdocs\warehouse_manggala\vendor\codeigniter4\framework\system\Commands\Server\rewrite.php(43): require_once('C:\\xampp7\\htdoc...')
#6 {main}
CRITICAL - 2021-12-27 03:48:39 --> Undefined property: App\Controllers\SO::$CustomerDetailModel
#0 C:\xampp7\htdocs\warehouse_manggala\app\Controllers\SO.php(112): CodeIgniter\Debug\Exceptions->errorHandler(8, 'Undefined prope...', 'C:\\xampp7\\htdoc...', 112, Array)
#1 C:\xampp7\htdocs\warehouse_manggala\vendor\codeigniter4\framework\system\CodeIgniter.php(824): App\Controllers\SO->getAlamat()
#2 C:\xampp7\htdocs\warehouse_manggala\vendor\codeigniter4\framework\system\CodeIgniter.php(410): CodeIgniter\CodeIgniter->runController(Object(App\Controllers\SO))
#3 C:\xampp7\htdocs\warehouse_manggala\vendor\codeigniter4\framework\system\CodeIgniter.php(318): CodeIgniter\CodeIgniter->handleRequest(NULL, Object(Config\Cache), false)
#4 C:\xampp7\htdocs\warehouse_manggala\public\index.php(37): CodeIgniter\CodeIgniter->run()
#5 C:\xampp7\htdocs\warehouse_manggala\vendor\codeigniter4\framework\system\Commands\Server\rewrite.php(43): require_once('C:\\xampp7\\htdoc...')
#6 {main}
CRITICAL - 2021-12-27 03:50:53 --> Undefined property: App\Controllers\SO::$CustomerDetailModel
#0 C:\xampp7\htdocs\warehouse_manggala\app\Controllers\SO.php(112): CodeIgniter\Debug\Exceptions->errorHandler(8, 'Undefined prope...', 'C:\\xampp7\\htdoc...', 112, Array)
#1 C:\xampp7\htdocs\warehouse_manggala\vendor\codeigniter4\framework\system\CodeIgniter.php(824): App\Controllers\SO->getAlamat()
#2 C:\xampp7\htdocs\warehouse_manggala\vendor\codeigniter4\framework\system\CodeIgniter.php(410): CodeIgniter\CodeIgniter->runController(Object(App\Controllers\SO))
#3 C:\xampp7\htdocs\warehouse_manggala\vendor\codeigniter4\framework\system\CodeIgniter.php(318): CodeIgniter\CodeIgniter->handleRequest(NULL, Object(Config\Cache), false)
#4 C:\xampp7\htdocs\warehouse_manggala\public\index.php(37): CodeIgniter\CodeIgniter->run()
#5 C:\xampp7\htdocs\warehouse_manggala\vendor\codeigniter4\framework\system\Commands\Server\rewrite.php(43): require_once('C:\\xampp7\\htdoc...')
#6 {main}
