CRITICAL - 2022-12-17 08:38:34 --> Class 'App\Controllers\BaseController' not found
#0 C:\xampp\htdocs\perpus_kabayan\vendor\codeigniter4\framework\system\Router\Router.php(519): include_once()
#1 C:\xampp\htdocs\perpus_kabayan\vendor\codeigniter4\framework\system\Router\Router.php(176): CodeIgniter\Router\Router->autoRoute('buku/index')
#2 C:\xampp\htdocs\perpus_kabayan\vendor\codeigniter4\framework\system\CodeIgniter.php(718): CodeIgniter\Router\Router->handle('buku/index')
#3 C:\xampp\htdocs\perpus_kabayan\vendor\codeigniter4\framework\system\CodeIgniter.php(359): CodeIgniter\CodeIgniter->tryToRouteIt(Object(CodeIgniter\Router\RouteCollection))
#4 C:\xampp\htdocs\perpus_kabayan\vendor\codeigniter4\framework\system\CodeIgniter.php(318): CodeIgniter\CodeIgniter->handleRequest(NULL, Object(Config\Cache), false)
#5 C:\xampp\htdocs\perpus_kabayan\public\index.php(37): CodeIgniter\CodeIgniter->run()
#6 C:\xampp\htdocs\perpus_kabayan\vendor\codeigniter4\framework\system\Commands\Server\rewrite.php(43): require_once('C:\\xampp\\htdocs...')
#7 {main}
ERROR - 2022-12-17 19:40:59 --> Error connecting to the database: No connection could be made because the target machine actively refused it.

CRITICAL - 2022-12-17 19:40:59 --> Unable to connect to the database.
Main connection [MySQLi]: No connection could be made because the target machine actively refused it.

#0 C:\xampp\htdocs\perpus_kabayan\vendor\codeigniter4\framework\system\Database\BaseConnection.php(577): CodeIgniter\Database\BaseConnection->initialize()
#1 C:\xampp\htdocs\perpus_kabayan\vendor\codeigniter4\framework\system\Database\BaseBuilder.php(1443): CodeIgniter\Database\BaseConnection->query('SELECT *\nFROM `...', Array, false)
#2 C:\xampp\htdocs\perpus_kabayan\vendor\codeigniter4\framework\system\Model.php(183): CodeIgniter\Database\BaseBuilder->get()
#3 C:\xampp\htdocs\perpus_kabayan\vendor\codeigniter4\framework\system\BaseModel.php(584): CodeIgniter\Model->doFindAll(0, 0)
#4 C:\xampp\htdocs\perpus_kabayan\app\Controllers\Pinjaman.php(22): CodeIgniter\BaseModel->findAll()
#5 C:\xampp\htdocs\perpus_kabayan\vendor\codeigniter4\framework\system\CodeIgniter.php(824): App\Controllers\Pinjaman->index()
#6 C:\xampp\htdocs\perpus_kabayan\vendor\codeigniter4\framework\system\CodeIgniter.php(410): CodeIgniter\CodeIgniter->runController(Object(App\Controllers\Pinjaman))
#7 C:\xampp\htdocs\perpus_kabayan\vendor\codeigniter4\framework\system\CodeIgniter.php(318): CodeIgniter\CodeIgniter->handleRequest(NULL, Object(Config\Cache), false)
#8 C:\xampp\htdocs\perpus_kabayan\public\index.php(37): CodeIgniter\CodeIgniter->run()
#9 C:\xampp\htdocs\perpus_kabayan\vendor\codeigniter4\framework\system\Commands\Server\rewrite.php(43): require_once('C:\\xampp\\htdocs...')
#10 {main}
ERROR - 2022-12-17 19:41:18 --> Error connecting to the database: No connection could be made because the target machine actively refused it.

CRITICAL - 2022-12-17 19:41:18 --> Unable to connect to the database.
Main connection [MySQLi]: No connection could be made because the target machine actively refused it.

#0 C:\xampp\htdocs\perpus_kabayan\vendor\codeigniter4\framework\system\Database\BaseConnection.php(577): CodeIgniter\Database\BaseConnection->initialize()
#1 C:\xampp\htdocs\perpus_kabayan\vendor\codeigniter4\framework\system\Database\BaseBuilder.php(1443): CodeIgniter\Database\BaseConnection->query('SELECT *\nFROM `...', Array, false)
#2 C:\xampp\htdocs\perpus_kabayan\vendor\codeigniter4\framework\system\Model.php(183): CodeIgniter\Database\BaseBuilder->get()
#3 C:\xampp\htdocs\perpus_kabayan\vendor\codeigniter4\framework\system\BaseModel.php(584): CodeIgniter\Model->doFindAll(0, 0)
#4 C:\xampp\htdocs\perpus_kabayan\app\Controllers\Dashboard.php(19): CodeIgniter\BaseModel->findAll()
#5 C:\xampp\htdocs\perpus_kabayan\vendor\codeigniter4\framework\system\CodeIgniter.php(824): App\Controllers\Dashboard->index()
#6 C:\xampp\htdocs\perpus_kabayan\vendor\codeigniter4\framework\system\CodeIgniter.php(410): CodeIgniter\CodeIgniter->runController(Object(App\Controllers\Dashboard))
#7 C:\xampp\htdocs\perpus_kabayan\vendor\codeigniter4\framework\system\CodeIgniter.php(318): CodeIgniter\CodeIgniter->handleRequest(NULL, Object(Config\Cache), false)
#8 C:\xampp\htdocs\perpus_kabayan\public\index.php(37): CodeIgniter\CodeIgniter->run()
#9 C:\xampp\htdocs\perpus_kabayan\vendor\codeigniter4\framework\system\Commands\Server\rewrite.php(43): require_once('C:\\xampp\\htdocs...')
#10 {main}
