CRITICAL - 2021-12-28 22:05:44 --> Undefined index: alamat
#0 C:\xampp7\htdocs\warehouse_manggala\app\Views\customer\index.php(38): CodeIgniter\Debug\Exceptions->errorHandler(8, 'Undefined index...', 'C:\\xampp7\\htdoc...', 38, Array)
#1 C:\xampp7\htdocs\warehouse_manggala\vendor\codeigniter4\framework\system\View\View.php(214): include('C:\\xampp7\\htdoc...')
#2 C:\xampp7\htdocs\warehouse_manggala\vendor\codeigniter4\framework\system\View\View.php(217): CodeIgniter\View\View->CodeIgniter\View\{closure}()
#3 C:\xampp7\htdocs\warehouse_manggala\vendor\codeigniter4\framework\system\Common.php(1097): CodeIgniter\View\View->render('Customer/index', Array, true)
#4 C:\xampp7\htdocs\warehouse_manggala\app\Controllers\Customer.php(25): view('Customer/index', Array)
#5 C:\xampp7\htdocs\warehouse_manggala\vendor\codeigniter4\framework\system\CodeIgniter.php(824): App\Controllers\Customer->index()
#6 C:\xampp7\htdocs\warehouse_manggala\vendor\codeigniter4\framework\system\CodeIgniter.php(410): CodeIgniter\CodeIgniter->runController(Object(App\Controllers\Customer))
#7 C:\xampp7\htdocs\warehouse_manggala\vendor\codeigniter4\framework\system\CodeIgniter.php(318): CodeIgniter\CodeIgniter->handleRequest(NULL, Object(Config\Cache), false)
#8 C:\xampp7\htdocs\warehouse_manggala\public\index.php(37): CodeIgniter\CodeIgniter->run()
#9 C:\xampp7\htdocs\warehouse_manggala\vendor\codeigniter4\framework\system\Commands\Server\rewrite.php(43): require_once('C:\\xampp7\\htdoc...')
#10 {main}
CRITICAL - 2021-12-28 22:05:53 --> Undefined index: alamat
#0 C:\xampp7\htdocs\warehouse_manggala\app\Views\customer\index.php(38): CodeIgniter\Debug\Exceptions->errorHandler(8, 'Undefined index...', 'C:\\xampp7\\htdoc...', 38, Array)
#1 C:\xampp7\htdocs\warehouse_manggala\vendor\codeigniter4\framework\system\View\View.php(214): include('C:\\xampp7\\htdoc...')
#2 C:\xampp7\htdocs\warehouse_manggala\vendor\codeigniter4\framework\system\View\View.php(217): CodeIgniter\View\View->CodeIgniter\View\{closure}()
#3 C:\xampp7\htdocs\warehouse_manggala\vendor\codeigniter4\framework\system\Common.php(1097): CodeIgniter\View\View->render('Customer/index', Array, true)
#4 C:\xampp7\htdocs\warehouse_manggala\app\Controllers\Customer.php(25): view('Customer/index', Array)
#5 C:\xampp7\htdocs\warehouse_manggala\vendor\codeigniter4\framework\system\CodeIgniter.php(824): App\Controllers\Customer->index()
#6 C:\xampp7\htdocs\warehouse_manggala\vendor\codeigniter4\framework\system\CodeIgniter.php(410): CodeIgniter\CodeIgniter->runController(Object(App\Controllers\Customer))
#7 C:\xampp7\htdocs\warehouse_manggala\vendor\codeigniter4\framework\system\CodeIgniter.php(318): CodeIgniter\CodeIgniter->handleRequest(NULL, Object(Config\Cache), false)
#8 C:\xampp7\htdocs\warehouse_manggala\public\index.php(37): CodeIgniter\CodeIgniter->run()
#9 C:\xampp7\htdocs\warehouse_manggala\vendor\codeigniter4\framework\system\Commands\Server\rewrite.php(43): require_once('C:\\xampp7\\htdoc...')
#10 {main}
ERROR - 2021-12-28 22:10:21 --> Unknown column 'alamat' in 'field list'
CRITICAL - 2021-12-28 22:10:21 --> Unknown column 'alamat' in 'field list'
#0 C:\xampp7\htdocs\warehouse_manggala\vendor\codeigniter4\framework\system\Database\MySQLi\Connection.php(292): mysqli->query('INSERT INTO `cu...', 0)
#1 C:\xampp7\htdocs\warehouse_manggala\vendor\codeigniter4\framework\system\Database\BaseConnection.php(670): CodeIgniter\Database\MySQLi\Connection->execute('INSERT INTO `cu...')
#2 C:\xampp7\htdocs\warehouse_manggala\vendor\codeigniter4\framework\system\Database\BaseConnection.php(598): CodeIgniter\Database\BaseConnection->simpleQuery('INSERT INTO `cu...')
#3 C:\xampp7\htdocs\warehouse_manggala\vendor\codeigniter4\framework\system\Database\BaseBuilder.php(1759): CodeIgniter\Database\BaseConnection->query('INSERT INTO `cu...', Array, false)
#4 C:\xampp7\htdocs\warehouse_manggala\vendor\codeigniter4\framework\system\Model.php(239): CodeIgniter\Database\BaseBuilder->insert()
#5 C:\xampp7\htdocs\warehouse_manggala\vendor\codeigniter4\framework\system\BaseModel.php(738): CodeIgniter\Model->doInsert(Array)
#6 C:\xampp7\htdocs\warehouse_manggala\vendor\codeigniter4\framework\system\Model.php(620): CodeIgniter\BaseModel->insert(Array, false)
#7 C:\xampp7\htdocs\warehouse_manggala\vendor\codeigniter4\framework\system\BaseModel.php(658): CodeIgniter\Model->insert(Array, false)
#8 C:\xampp7\htdocs\warehouse_manggala\app\Controllers\Customer.php(67): CodeIgniter\BaseModel->save(Array)
#9 C:\xampp7\htdocs\warehouse_manggala\vendor\codeigniter4\framework\system\CodeIgniter.php(824): App\Controllers\Customer->save()
#10 C:\xampp7\htdocs\warehouse_manggala\vendor\codeigniter4\framework\system\CodeIgniter.php(410): CodeIgniter\CodeIgniter->runController(Object(App\Controllers\Customer))
#11 C:\xampp7\htdocs\warehouse_manggala\vendor\codeigniter4\framework\system\CodeIgniter.php(318): CodeIgniter\CodeIgniter->handleRequest(NULL, Object(Config\Cache), false)
#12 C:\xampp7\htdocs\warehouse_manggala\public\index.php(37): CodeIgniter\CodeIgniter->run()
#13 C:\xampp7\htdocs\warehouse_manggala\vendor\codeigniter4\framework\system\Commands\Server\rewrite.php(43): require_once('C:\\xampp7\\htdoc...')
#14 {main}
CRITICAL - 2021-12-28 22:11:30 --> Undefined index: alamat
#0 C:\xampp7\htdocs\warehouse_manggala\app\Views\customerdetail\index.php(28): CodeIgniter\Debug\Exceptions->errorHandler(8, 'Undefined index...', 'C:\\xampp7\\htdoc...', 28, Array)
#1 C:\xampp7\htdocs\warehouse_manggala\vendor\codeigniter4\framework\system\View\View.php(214): include('C:\\xampp7\\htdoc...')
#2 C:\xampp7\htdocs\warehouse_manggala\vendor\codeigniter4\framework\system\View\View.php(217): CodeIgniter\View\View->CodeIgniter\View\{closure}()
#3 C:\xampp7\htdocs\warehouse_manggala\vendor\codeigniter4\framework\system\Common.php(1097): CodeIgniter\View\View->render('/CustomerDetail...', Array, true)
#4 C:\xampp7\htdocs\warehouse_manggala\app\Controllers\CustomerDetail.php(30): view('/CustomerDetail...', Array)
#5 C:\xampp7\htdocs\warehouse_manggala\vendor\codeigniter4\framework\system\CodeIgniter.php(824): App\Controllers\CustomerDetail->index('12')
#6 C:\xampp7\htdocs\warehouse_manggala\vendor\codeigniter4\framework\system\CodeIgniter.php(410): CodeIgniter\CodeIgniter->runController(Object(App\Controllers\CustomerDetail))
#7 C:\xampp7\htdocs\warehouse_manggala\vendor\codeigniter4\framework\system\CodeIgniter.php(318): CodeIgniter\CodeIgniter->handleRequest(NULL, Object(Config\Cache), false)
#8 C:\xampp7\htdocs\warehouse_manggala\public\index.php(37): CodeIgniter\CodeIgniter->run()
#9 C:\xampp7\htdocs\warehouse_manggala\vendor\codeigniter4\framework\system\Commands\Server\rewrite.php(43): require_once('C:\\xampp7\\htdoc...')
#10 {main}
ERROR - 2021-12-28 22:14:53 --> Unknown column 'id_so_detail' in 'where clause'
CRITICAL - 2021-12-28 22:14:53 --> Unknown column 'id_so_detail' in 'where clause'
#0 C:\xampp7\htdocs\warehouse_manggala\vendor\codeigniter4\framework\system\Database\MySQLi\Connection.php(292): mysqli->query('SELECT COUNT(*)...', 0)
#1 C:\xampp7\htdocs\warehouse_manggala\vendor\codeigniter4\framework\system\Database\BaseConnection.php(670): CodeIgniter\Database\MySQLi\Connection->execute('SELECT COUNT(*)...')
#2 C:\xampp7\htdocs\warehouse_manggala\vendor\codeigniter4\framework\system\Database\BaseConnection.php(598): CodeIgniter\Database\BaseConnection->simpleQuery('SELECT COUNT(*)...')
#3 C:\xampp7\htdocs\warehouse_manggala\vendor\codeigniter4\framework\system\Database\BaseBuilder.php(1527): CodeIgniter\Database\BaseConnection->query('SELECT COUNT(*)...', Array, false)
#4 C:\xampp7\htdocs\warehouse_manggala\vendor\codeigniter4\framework\system\Model.php(509): CodeIgniter\Database\BaseBuilder->countAllResults(true)
#5 C:\xampp7\htdocs\warehouse_manggala\vendor\codeigniter4\framework\system\Model.php(592): CodeIgniter\Model->countAllResults()
#6 C:\xampp7\htdocs\warehouse_manggala\vendor\codeigniter4\framework\system\BaseModel.php(655): CodeIgniter\Model->shouldUpdate(Array)
#7 C:\xampp7\htdocs\warehouse_manggala\app\Controllers\SODetail.php(80): CodeIgniter\BaseModel->save(Array)
#8 C:\xampp7\htdocs\warehouse_manggala\vendor\codeigniter4\framework\system\CodeIgniter.php(824): App\Controllers\SODetail->save()
#9 C:\xampp7\htdocs\warehouse_manggala\vendor\codeigniter4\framework\system\CodeIgniter.php(410): CodeIgniter\CodeIgniter->runController(Object(App\Controllers\SODetail))
#10 C:\xampp7\htdocs\warehouse_manggala\vendor\codeigniter4\framework\system\CodeIgniter.php(318): CodeIgniter\CodeIgniter->handleRequest(NULL, Object(Config\Cache), false)
#11 C:\xampp7\htdocs\warehouse_manggala\public\index.php(37): CodeIgniter\CodeIgniter->run()
#12 C:\xampp7\htdocs\warehouse_manggala\vendor\codeigniter4\framework\system\Commands\Server\rewrite.php(43): require_once('C:\\xampp7\\htdoc...')
#13 {main}
ERROR - 2021-12-28 22:15:32 --> Unknown column 'id_so' in 'field list'
CRITICAL - 2021-12-28 22:15:32 --> Unknown column 'id_so' in 'field list'
#0 C:\xampp7\htdocs\warehouse_manggala\vendor\codeigniter4\framework\system\Database\MySQLi\Connection.php(292): mysqli->query('INSERT INTO `so...', 0)
#1 C:\xampp7\htdocs\warehouse_manggala\vendor\codeigniter4\framework\system\Database\BaseConnection.php(670): CodeIgniter\Database\MySQLi\Connection->execute('INSERT INTO `so...')
#2 C:\xampp7\htdocs\warehouse_manggala\vendor\codeigniter4\framework\system\Database\BaseConnection.php(598): CodeIgniter\Database\BaseConnection->simpleQuery('INSERT INTO `so...')
#3 C:\xampp7\htdocs\warehouse_manggala\vendor\codeigniter4\framework\system\Database\BaseBuilder.php(1759): CodeIgniter\Database\BaseConnection->query('INSERT INTO `so...', Array, false)
#4 C:\xampp7\htdocs\warehouse_manggala\vendor\codeigniter4\framework\system\Model.php(239): CodeIgniter\Database\BaseBuilder->insert()
#5 C:\xampp7\htdocs\warehouse_manggala\vendor\codeigniter4\framework\system\BaseModel.php(738): CodeIgniter\Model->doInsert(Array)
#6 C:\xampp7\htdocs\warehouse_manggala\vendor\codeigniter4\framework\system\Model.php(620): CodeIgniter\BaseModel->insert(Array, false)
#7 C:\xampp7\htdocs\warehouse_manggala\vendor\codeigniter4\framework\system\BaseModel.php(658): CodeIgniter\Model->insert(Array, false)
#8 C:\xampp7\htdocs\warehouse_manggala\app\Controllers\SODetail.php(80): CodeIgniter\BaseModel->save(Array)
#9 C:\xampp7\htdocs\warehouse_manggala\vendor\codeigniter4\framework\system\CodeIgniter.php(824): App\Controllers\SODetail->save()
#10 C:\xampp7\htdocs\warehouse_manggala\vendor\codeigniter4\framework\system\CodeIgniter.php(410): CodeIgniter\CodeIgniter->runController(Object(App\Controllers\SODetail))
#11 C:\xampp7\htdocs\warehouse_manggala\vendor\codeigniter4\framework\system\CodeIgniter.php(318): CodeIgniter\CodeIgniter->handleRequest(NULL, Object(Config\Cache), false)
#12 C:\xampp7\htdocs\warehouse_manggala\public\index.php(37): CodeIgniter\CodeIgniter->run()
#13 C:\xampp7\htdocs\warehouse_manggala\vendor\codeigniter4\framework\system\Commands\Server\rewrite.php(43): require_once('C:\\xampp7\\htdoc...')
#14 {main}
ERROR - 2021-12-28 22:15:33 --> Unknown column 'id_so' in 'field list'
CRITICAL - 2021-12-28 22:15:33 --> Unknown column 'id_so' in 'field list'
#0 C:\xampp7\htdocs\warehouse_manggala\vendor\codeigniter4\framework\system\Database\MySQLi\Connection.php(292): mysqli->query('INSERT INTO `so...', 0)
#1 C:\xampp7\htdocs\warehouse_manggala\vendor\codeigniter4\framework\system\Database\BaseConnection.php(670): CodeIgniter\Database\MySQLi\Connection->execute('INSERT INTO `so...')
#2 C:\xampp7\htdocs\warehouse_manggala\vendor\codeigniter4\framework\system\Database\BaseConnection.php(598): CodeIgniter\Database\BaseConnection->simpleQuery('INSERT INTO `so...')
#3 C:\xampp7\htdocs\warehouse_manggala\vendor\codeigniter4\framework\system\Database\BaseBuilder.php(1759): CodeIgniter\Database\BaseConnection->query('INSERT INTO `so...', Array, false)
#4 C:\xampp7\htdocs\warehouse_manggala\vendor\codeigniter4\framework\system\Model.php(239): CodeIgniter\Database\BaseBuilder->insert()
#5 C:\xampp7\htdocs\warehouse_manggala\vendor\codeigniter4\framework\system\BaseModel.php(738): CodeIgniter\Model->doInsert(Array)
#6 C:\xampp7\htdocs\warehouse_manggala\vendor\codeigniter4\framework\system\Model.php(620): CodeIgniter\BaseModel->insert(Array, false)
#7 C:\xampp7\htdocs\warehouse_manggala\vendor\codeigniter4\framework\system\BaseModel.php(658): CodeIgniter\Model->insert(Array, false)
#8 C:\xampp7\htdocs\warehouse_manggala\app\Controllers\SODetail.php(80): CodeIgniter\BaseModel->save(Array)
#9 C:\xampp7\htdocs\warehouse_manggala\vendor\codeigniter4\framework\system\CodeIgniter.php(824): App\Controllers\SODetail->save()
#10 C:\xampp7\htdocs\warehouse_manggala\vendor\codeigniter4\framework\system\CodeIgniter.php(410): CodeIgniter\CodeIgniter->runController(Object(App\Controllers\SODetail))
#11 C:\xampp7\htdocs\warehouse_manggala\vendor\codeigniter4\framework\system\CodeIgniter.php(318): CodeIgniter\CodeIgniter->handleRequest(NULL, Object(Config\Cache), false)
#12 C:\xampp7\htdocs\warehouse_manggala\public\index.php(37): CodeIgniter\CodeIgniter->run()
#13 C:\xampp7\htdocs\warehouse_manggala\vendor\codeigniter4\framework\system\Commands\Server\rewrite.php(43): require_once('C:\\xampp7\\htdoc...')
#14 {main}
